[1.469s] DEBUG:colcon:Command line arguments: ['/usr/bin/colcon', 'build', '--packages-select', 'example_service_rclcpp']
[1.469s] DEBUG:colcon:Parsed command line arguments: Namespace(log_base=None, log_level=None, verb_name='build', build_base='build', install_base='install', merge_install=False, symlink_install=False, test_result_base=None, continue_on_error=False, executor='parallel', parallel_workers=4, event_handlers=None, ignore_user_meta=False, metas=['./colcon.meta'], base_paths=['.'], packages_ignore=None, packages_ignore_regex=None, paths=None, packages_up_to=None, packages_up_to_regex=None, packages_above=None, packages_above_and_dependencies=None, packages_above_depth=None, packages_select_by_dep=None, packages_skip_by_dep=None, packages_skip_up_to=None, packages_select_build_failed=False, packages_skip_build_finished=False, packages_select_test_failures=False, packages_skip_test_passed=False, packages_select=['example_service_rclcpp'], packages_skip=None, packages_select_regex=None, packages_skip_regex=None, packages_start=None, packages_end=None, allow_overriding=[], cmake_args=None, cmake_target=None, cmake_target_skip_unavailable=False, cmake_clean_cache=False, cmake_clean_first=False, cmake_force_configure=False, ament_cmake_args=None, catkin_cmake_args=None, catkin_skip_building_tests=False, verb_parser=<colcon_defaults.argument_parser.defaults.DefaultArgumentsDecorator object at 0x7fee18ac84f0>, verb_extension=<colcon_core.verb.build.BuildVerb object at 0x7fee18ac9ed0>, main=<bound method BuildVerb.main of <colcon_core.verb.build.BuildVerb object at 0x7fee18ac9ed0>>)
[1.538s] Level 1:colcon.colcon_core.package_discovery:discover_packages(colcon_meta) check parameters
[1.539s] Level 1:colcon.colcon_core.package_discovery:discover_packages(recursive) check parameters
[1.539s] Level 1:colcon.colcon_core.package_discovery:discover_packages(ignore) check parameters
[1.539s] Level 1:colcon.colcon_core.package_discovery:discover_packages(path) check parameters
[1.539s] Level 1:colcon.colcon_core.package_discovery:discover_packages(colcon_meta) discover
[1.540s] Level 1:colcon.colcon_core.package_discovery:discover_packages(recursive) discover
[1.540s] INFO:colcon.colcon_core.package_discovery:Crawling recursively for packages in '/home/ros2/d2lros2/chapt3/chapt3_ws'
[1.540s] Level 1:colcon.colcon_core.package_identification:_identify(.) by extensions ['ignore', 'ignore_ament_install']
[1.541s] Level 1:colcon.colcon_core.package_identification:_identify(.) by extension 'ignore'
[1.541s] Level 1:colcon.colcon_core.package_identification:_identify(.) by extension 'ignore_ament_install'
[1.541s] Level 1:colcon.colcon_core.package_identification:_identify(.) by extensions ['colcon_pkg']
[1.542s] Level 1:colcon.colcon_core.package_identification:_identify(.) by extension 'colcon_pkg'
[1.542s] Level 1:colcon.colcon_core.package_identification:_identify(.) by extensions ['colcon_meta']
[1.542s] Level 1:colcon.colcon_core.package_identification:_identify(.) by extension 'colcon_meta'
[1.542s] Level 1:colcon.colcon_core.package_identification:_identify(.) by extensions ['ros']
[1.543s] Level 1:colcon.colcon_core.package_identification:_identify(.) by extension 'ros'
[1.563s] Level 1:colcon.colcon_core.package_identification:_identify(.) by extensions ['cmake', 'python']
[1.564s] Level 1:colcon.colcon_core.package_identification:_identify(.) by extension 'cmake'
[1.564s] Level 1:colcon.colcon_core.package_identification:_identify(.) by extension 'python'
[1.565s] Level 1:colcon.colcon_core.package_identification:_identify(.) by extensions ['python_setup_py']
[1.565s] Level 1:colcon.colcon_core.package_identification:_identify(.) by extension 'python_setup_py'
[1.566s] Level 1:colcon.colcon_core.package_identification:_identify(build) by extensions ['ignore', 'ignore_ament_install']
[1.566s] Level 1:colcon.colcon_core.package_identification:_identify(build) by extension 'ignore'
[1.566s] Level 1:colcon.colcon_core.package_identification:_identify(build) ignored
[1.567s] Level 1:colcon.colcon_core.package_identification:_identify(install) by extensions ['ignore', 'ignore_ament_install']
[1.567s] Level 1:colcon.colcon_core.package_identification:_identify(install) by extension 'ignore'
[1.568s] Level 1:colcon.colcon_core.package_identification:_identify(install) ignored
[1.568s] Level 1:colcon.colcon_core.package_identification:_identify(log) by extensions ['ignore', 'ignore_ament_install']
[1.569s] Level 1:colcon.colcon_core.package_identification:_identify(log) by extension 'ignore'
[1.569s] Level 1:colcon.colcon_core.package_identification:_identify(log) ignored
[1.569s] Level 1:colcon.colcon_core.package_identification:_identify(src) by extensions ['ignore', 'ignore_ament_install']
[1.569s] Level 1:colcon.colcon_core.package_identification:_identify(src) by extension 'ignore'
[1.569s] Level 1:colcon.colcon_core.package_identification:_identify(src) by extension 'ignore_ament_install'
[1.569s] Level 1:colcon.colcon_core.package_identification:_identify(src) by extensions ['colcon_pkg']
[1.569s] Level 1:colcon.colcon_core.package_identification:_identify(src) by extension 'colcon_pkg'
[1.569s] Level 1:colcon.colcon_core.package_identification:_identify(src) by extensions ['colcon_meta']
[1.569s] Level 1:colcon.colcon_core.package_identification:_identify(src) by extension 'colcon_meta'
[1.569s] Level 1:colcon.colcon_core.package_identification:_identify(src) by extensions ['ros']
[1.570s] Level 1:colcon.colcon_core.package_identification:_identify(src) by extension 'ros'
[1.570s] Level 1:colcon.colcon_core.package_identification:_identify(src) by extensions ['cmake', 'python']
[1.570s] Level 1:colcon.colcon_core.package_identification:_identify(src) by extension 'cmake'
[1.570s] Level 1:colcon.colcon_core.package_identification:_identify(src) by extension 'python'
[1.570s] Level 1:colcon.colcon_core.package_identification:_identify(src) by extensions ['python_setup_py']
[1.570s] Level 1:colcon.colcon_core.package_identification:_identify(src) by extension 'python_setup_py'
[1.570s] Level 1:colcon.colcon_core.package_identification:_identify(src/example_service_rclcpp) by extensions ['ignore', 'ignore_ament_install']
[1.570s] Level 1:colcon.colcon_core.package_identification:_identify(src/example_service_rclcpp) by extension 'ignore'
[1.570s] Level 1:colcon.colcon_core.package_identification:_identify(src/example_service_rclcpp) by extension 'ignore_ament_install'
[1.571s] Level 1:colcon.colcon_core.package_identification:_identify(src/example_service_rclcpp) by extensions ['colcon_pkg']
[1.571s] Level 1:colcon.colcon_core.package_identification:_identify(src/example_service_rclcpp) by extension 'colcon_pkg'
[1.571s] Level 1:colcon.colcon_core.package_identification:_identify(src/example_service_rclcpp) by extensions ['colcon_meta']
[1.571s] Level 1:colcon.colcon_core.package_identification:_identify(src/example_service_rclcpp) by extension 'colcon_meta'
[1.571s] Level 1:colcon.colcon_core.package_identification:_identify(src/example_service_rclcpp) by extensions ['ros']
[1.571s] Level 1:colcon.colcon_core.package_identification:_identify(src/example_service_rclcpp) by extension 'ros'
[1.576s] DEBUG:colcon.colcon_core.package_identification:Package 'src/example_service_rclcpp' with type 'ros.ament_cmake' and name 'example_service_rclcpp'
[1.576s] Level 1:colcon.colcon_core.package_identification:_identify(src/example_topic_rclcpp) by extensions ['ignore', 'ignore_ament_install']
[1.577s] Level 1:colcon.colcon_core.package_identification:_identify(src/example_topic_rclcpp) by extension 'ignore'
[1.577s] Level 1:colcon.colcon_core.package_identification:_identify(src/example_topic_rclcpp) by extension 'ignore_ament_install'
[1.577s] Level 1:colcon.colcon_core.package_identification:_identify(src/example_topic_rclcpp) by extensions ['colcon_pkg']
[1.577s] Level 1:colcon.colcon_core.package_identification:_identify(src/example_topic_rclcpp) by extension 'colcon_pkg'
[1.577s] Level 1:colcon.colcon_core.package_identification:_identify(src/example_topic_rclcpp) by extensions ['colcon_meta']
[1.577s] Level 1:colcon.colcon_core.package_identification:_identify(src/example_topic_rclcpp) by extension 'colcon_meta'
[1.577s] Level 1:colcon.colcon_core.package_identification:_identify(src/example_topic_rclcpp) by extensions ['ros']
[1.577s] Level 1:colcon.colcon_core.package_identification:_identify(src/example_topic_rclcpp) by extension 'ros'
[1.578s] DEBUG:colcon.colcon_core.package_identification:Package 'src/example_topic_rclcpp' with type 'ros.ament_cmake' and name 'example_topic_rclcpp'
[1.579s] Level 1:colcon.colcon_core.package_discovery:discover_packages(recursive) using defaults
[1.579s] Level 1:colcon.colcon_core.package_discovery:discover_packages(ignore) discover
[1.579s] Level 1:colcon.colcon_core.package_discovery:discover_packages(ignore) using defaults
[1.579s] Level 1:colcon.colcon_core.package_discovery:discover_packages(path) discover
[1.579s] Level 1:colcon.colcon_core.package_discovery:discover_packages(path) using defaults
[1.683s] INFO:colcon.colcon_core.package_selection:Skipping not selected package 'example_topic_rclcpp' in 'src/example_topic_rclcpp'
[1.733s] Level 1:colcon.colcon_core.package_discovery:discover_packages(prefix_path) check parameters
[1.733s] Level 1:colcon.colcon_core.package_discovery:discover_packages(prefix_path) discover
[1.774s] DEBUG:colcon.colcon_installed_package_information.package_discovery:Found 2 installed packages in /home/ros2/d2lros2/chapt3/chapt3_ws/install
[1.794s] DEBUG:colcon.colcon_installed_package_information.package_discovery:Found 284 installed packages in /opt/ros/humble
[1.796s] Level 1:colcon.colcon_core.package_discovery:discover_packages(prefix_path) using defaults
[1.932s] Level 5:colcon.colcon_core.verb:set package 'example_service_rclcpp' build argument 'cmake_args' from command line to 'None'
[1.932s] Level 5:colcon.colcon_core.verb:set package 'example_service_rclcpp' build argument 'cmake_target' from command line to 'None'
[1.932s] Level 5:colcon.colcon_core.verb:set package 'example_service_rclcpp' build argument 'cmake_target_skip_unavailable' from command line to 'False'
[1.932s] Level 5:colcon.colcon_core.verb:set package 'example_service_rclcpp' build argument 'cmake_clean_cache' from command line to 'False'
[1.932s] Level 5:colcon.colcon_core.verb:set package 'example_service_rclcpp' build argument 'cmake_clean_first' from command line to 'False'
[1.932s] Level 5:colcon.colcon_core.verb:set package 'example_service_rclcpp' build argument 'cmake_force_configure' from command line to 'False'
[1.932s] Level 5:colcon.colcon_core.verb:set package 'example_service_rclcpp' build argument 'ament_cmake_args' from command line to 'None'
[1.932s] Level 5:colcon.colcon_core.verb:set package 'example_service_rclcpp' build argument 'catkin_cmake_args' from command line to 'None'
[1.932s] Level 5:colcon.colcon_core.verb:set package 'example_service_rclcpp' build argument 'catkin_skip_building_tests' from command line to 'False'
[1.932s] DEBUG:colcon.colcon_core.verb:Building package 'example_service_rclcpp' with the following arguments: {'ament_cmake_args': None, 'build_base': '/home/ros2/d2lros2/chapt3/chapt3_ws/build/example_service_rclcpp', 'catkin_cmake_args': None, 'catkin_skip_building_tests': False, 'cmake_args': None, 'cmake_clean_cache': False, 'cmake_clean_first': False, 'cmake_force_configure': False, 'cmake_target': None, 'cmake_target_skip_unavailable': False, 'install_base': '/home/ros2/d2lros2/chapt3/chapt3_ws/install/example_service_rclcpp', 'merge_install': False, 'path': '/home/ros2/d2lros2/chapt3/chapt3_ws/src/example_service_rclcpp', 'symlink_install': False, 'test_result_base': None}
[1.951s] INFO:colcon.colcon_core.executor:Executing jobs using 'parallel' executor
[1.979s] DEBUG:colcon.colcon_parallel_executor.executor.parallel:run_until_complete
[1.979s] INFO:colcon.colcon_ros.task.ament_cmake.build:Building ROS package in '/home/ros2/d2lros2/chapt3/chapt3_ws/src/example_service_rclcpp' with build type 'ament_cmake'
[1.980s] INFO:colcon.colcon_cmake.task.cmake.build:Building CMake package in '/home/ros2/d2lros2/chapt3/chapt3_ws/src/example_service_rclcpp'
[2.009s] INFO:colcon.colcon_core.plugin_system:Skipping extension 'colcon_core.shell.bat': Not used on non-Windows systems
[2.010s] INFO:colcon.colcon_core.shell:Skip shell extension 'powershell' for command environment: Not usable outside of PowerShell
[2.010s] DEBUG:colcon.colcon_core.shell:Skip shell extension 'dsv' for command environment
[2.090s] DEBUG:colcon.colcon_core.event_handler.log_command:Invoking command in '/home/ros2/d2lros2/chapt3/chapt3_ws/build/example_service_rclcpp': CMAKE_PREFIX_PATH=${CMAKE_PREFIX_PATH}:/opt/ros/humble /usr/bin/cmake --build /home/ros2/d2lros2/chapt3/chapt3_ws/build/example_service_rclcpp -- -j4 -l4
[2.268s] DEBUG:colcon.colcon_core.event_handler.log_command:Invoked command in '/home/ros2/d2lros2/chapt3/chapt3_ws/build/example_service_rclcpp' returned '0': CMAKE_PREFIX_PATH=${CMAKE_PREFIX_PATH}:/opt/ros/humble /usr/bin/cmake --build /home/ros2/d2lros2/chapt3/chapt3_ws/build/example_service_rclcpp -- -j4 -l4
[2.352s] DEBUG:colcon.colcon_core.event_handler.log_command:Invoking command in '/home/ros2/d2lros2/chapt3/chapt3_ws/build/example_service_rclcpp': CMAKE_PREFIX_PATH=${CMAKE_PREFIX_PATH}:/opt/ros/humble /usr/bin/cmake --install /home/ros2/d2lros2/chapt3/chapt3_ws/build/example_service_rclcpp
[2.379s] Level 1:colcon.colcon_core.environment:create_environment_scripts_only(example_service_rclcpp)
[2.380s] DEBUG:colcon.colcon_core.event_handler.log_command:Invoked command in '/home/ros2/d2lros2/chapt3/chapt3_ws/build/example_service_rclcpp' returned '0': CMAKE_PREFIX_PATH=${CMAKE_PREFIX_PATH}:/opt/ros/humble /usr/bin/cmake --install /home/ros2/d2lros2/chapt3/chapt3_ws/build/example_service_rclcpp
[2.416s] Level 1:colcon.colcon_core.environment:checking '/home/ros2/d2lros2/chapt3/chapt3_ws/install/example_service_rclcpp' for CMake module files
[2.417s] Level 1:colcon.colcon_core.environment:checking '/home/ros2/d2lros2/chapt3/chapt3_ws/install/example_service_rclcpp' for CMake config files
[2.418s] Level 1:colcon.colcon_core.shell:create_environment_hook('example_service_rclcpp', 'cmake_prefix_path')
[2.445s] INFO:colcon.colcon_core.shell:Creating environment hook '/home/ros2/d2lros2/chapt3/chapt3_ws/install/example_service_rclcpp/share/example_service_rclcpp/hook/cmake_prefix_path.ps1'
[2.447s] INFO:colcon.colcon_core.shell:Creating environment descriptor '/home/ros2/d2lros2/chapt3/chapt3_ws/install/example_service_rclcpp/share/example_service_rclcpp/hook/cmake_prefix_path.dsv'
[2.448s] INFO:colcon.colcon_core.shell:Creating environment hook '/home/ros2/d2lros2/chapt3/chapt3_ws/install/example_service_rclcpp/share/example_service_rclcpp/hook/cmake_prefix_path.sh'
[2.450s] Level 1:colcon.colcon_core.environment:checking '/home/ros2/d2lros2/chapt3/chapt3_ws/install/example_service_rclcpp/lib'
[2.450s] Level 1:colcon.colcon_core.environment:checking '/home/ros2/d2lros2/chapt3/chapt3_ws/install/example_service_rclcpp/bin'
[2.450s] Level 1:colcon.colcon_core.environment:checking '/home/ros2/d2lros2/chapt3/chapt3_ws/install/example_service_rclcpp/lib/pkgconfig/example_service_rclcpp.pc'
[2.451s] Level 1:colcon.colcon_core.environment:checking '/home/ros2/d2lros2/chapt3/chapt3_ws/install/example_service_rclcpp/lib/python3.10/site-packages'
[2.452s] Level 1:colcon.colcon_core.environment:checking '/home/ros2/d2lros2/chapt3/chapt3_ws/install/example_service_rclcpp/bin'
[2.487s] INFO:colcon.colcon_core.shell:Creating package script '/home/ros2/d2lros2/chapt3/chapt3_ws/install/example_service_rclcpp/share/example_service_rclcpp/package.ps1'
[2.489s] INFO:colcon.colcon_core.shell:Creating package descriptor '/home/ros2/d2lros2/chapt3/chapt3_ws/install/example_service_rclcpp/share/example_service_rclcpp/package.dsv'
[2.491s] INFO:colcon.colcon_core.shell:Creating package script '/home/ros2/d2lros2/chapt3/chapt3_ws/install/example_service_rclcpp/share/example_service_rclcpp/package.sh'
[2.494s] INFO:colcon.colcon_core.shell:Creating package script '/home/ros2/d2lros2/chapt3/chapt3_ws/install/example_service_rclcpp/share/example_service_rclcpp/package.bash'
[2.496s] INFO:colcon.colcon_core.shell:Creating package script '/home/ros2/d2lros2/chapt3/chapt3_ws/install/example_service_rclcpp/share/example_service_rclcpp/package.zsh'
[2.497s] Level 1:colcon.colcon_core.environment:create_file_with_runtime_dependencies(/home/ros2/d2lros2/chapt3/chapt3_ws/install/example_service_rclcpp/share/colcon-core/packages/example_service_rclcpp)
[2.638s] Level 1:colcon.colcon_core.environment:create_environment_scripts_only(example_service_rclcpp)
[2.664s] Level 1:colcon.colcon_core.environment:checking '/home/ros2/d2lros2/chapt3/chapt3_ws/install/example_service_rclcpp' for CMake module files
[2.666s] Level 1:colcon.colcon_core.environment:checking '/home/ros2/d2lros2/chapt3/chapt3_ws/install/example_service_rclcpp' for CMake config files
[2.666s] Level 1:colcon.colcon_core.shell:create_environment_hook('example_service_rclcpp', 'cmake_prefix_path')
[2.687s] INFO:colcon.colcon_core.shell:Creating environment hook '/home/ros2/d2lros2/chapt3/chapt3_ws/install/example_service_rclcpp/share/example_service_rclcpp/hook/cmake_prefix_path.ps1'
[2.688s] INFO:colcon.colcon_core.shell:Creating environment descriptor '/home/ros2/d2lros2/chapt3/chapt3_ws/install/example_service_rclcpp/share/example_service_rclcpp/hook/cmake_prefix_path.dsv'
[2.689s] INFO:colcon.colcon_core.shell:Creating environment hook '/home/ros2/d2lros2/chapt3/chapt3_ws/install/example_service_rclcpp/share/example_service_rclcpp/hook/cmake_prefix_path.sh'
[2.690s] Level 1:colcon.colcon_core.environment:checking '/home/ros2/d2lros2/chapt3/chapt3_ws/install/example_service_rclcpp/lib'
[2.690s] Level 1:colcon.colcon_core.environment:checking '/home/ros2/d2lros2/chapt3/chapt3_ws/install/example_service_rclcpp/bin'
[2.691s] Level 1:colcon.colcon_core.environment:checking '/home/ros2/d2lros2/chapt3/chapt3_ws/install/example_service_rclcpp/lib/pkgconfig/example_service_rclcpp.pc'
[2.691s] Level 1:colcon.colcon_core.environment:checking '/home/ros2/d2lros2/chapt3/chapt3_ws/install/example_service_rclcpp/lib/python3.10/site-packages'
[2.692s] Level 1:colcon.colcon_core.environment:checking '/home/ros2/d2lros2/chapt3/chapt3_ws/install/example_service_rclcpp/bin'
[2.718s] INFO:colcon.colcon_core.shell:Creating package script '/home/ros2/d2lros2/chapt3/chapt3_ws/install/example_service_rclcpp/share/example_service_rclcpp/package.ps1'
[2.719s] INFO:colcon.colcon_core.shell:Creating package descriptor '/home/ros2/d2lros2/chapt3/chapt3_ws/install/example_service_rclcpp/share/example_service_rclcpp/package.dsv'
[2.720s] INFO:colcon.colcon_core.shell:Creating package script '/home/ros2/d2lros2/chapt3/chapt3_ws/install/example_service_rclcpp/share/example_service_rclcpp/package.sh'
[2.721s] INFO:colcon.colcon_core.shell:Creating package script '/home/ros2/d2lros2/chapt3/chapt3_ws/install/example_service_rclcpp/share/example_service_rclcpp/package.bash'
[2.722s] INFO:colcon.colcon_core.shell:Creating package script '/home/ros2/d2lros2/chapt3/chapt3_ws/install/example_service_rclcpp/share/example_service_rclcpp/package.zsh'
[2.723s] Level 1:colcon.colcon_core.environment:create_file_with_runtime_dependencies(/home/ros2/d2lros2/chapt3/chapt3_ws/install/example_service_rclcpp/share/colcon-core/packages/example_service_rclcpp)
[2.724s] DEBUG:colcon.colcon_parallel_executor.executor.parallel:closing loop
[2.725s] DEBUG:colcon.colcon_parallel_executor.executor.parallel:loop closed
[2.725s] DEBUG:colcon.colcon_parallel_executor.executor.parallel:run_until_complete finished with '0'
[2.725s] DEBUG:colcon.colcon_core.event_reactor:joining thread
[2.760s] INFO:colcon.colcon_core.plugin_system:Skipping extension 'colcon_notification.desktop_notification.terminal_notifier': Not used on non-Darwin systems
[2.760s] INFO:colcon.colcon_core.plugin_system:Skipping extension 'colcon_notification.desktop_notification.win32': Not used on non-Windows systems
[2.760s] INFO:colcon.colcon_notification.desktop_notification:Sending desktop notification using 'notify2'
[2.788s] DEBUG:colcon.colcon_core.event_reactor:joined thread
[2.811s] INFO:colcon.colcon_core.shell:Creating prefix script '/home/ros2/d2lros2/chapt3/chapt3_ws/install/local_setup.ps1'
[2.813s] INFO:colcon.colcon_core.shell:Creating prefix util module '/home/ros2/d2lros2/chapt3/chapt3_ws/install/_local_setup_util_ps1.py'
[2.816s] INFO:colcon.colcon_core.shell:Creating prefix chain script '/home/ros2/d2lros2/chapt3/chapt3_ws/install/setup.ps1'
[2.843s] INFO:colcon.colcon_core.shell:Creating prefix script '/home/ros2/d2lros2/chapt3/chapt3_ws/install/local_setup.sh'
[2.844s] INFO:colcon.colcon_core.shell:Creating prefix util module '/home/ros2/d2lros2/chapt3/chapt3_ws/install/_local_setup_util_sh.py'
[2.846s] INFO:colcon.colcon_core.shell:Creating prefix chain script '/home/ros2/d2lros2/chapt3/chapt3_ws/install/setup.sh'
[2.872s] INFO:colcon.colcon_core.shell:Creating prefix script '/home/ros2/d2lros2/chapt3/chapt3_ws/install/local_setup.bash'
[2.873s] INFO:colcon.colcon_core.shell:Creating prefix chain script '/home/ros2/d2lros2/chapt3/chapt3_ws/install/setup.bash'
[2.894s] INFO:colcon.colcon_core.shell:Creating prefix script '/home/ros2/d2lros2/chapt3/chapt3_ws/install/local_setup.zsh'
[2.896s] INFO:colcon.colcon_core.shell:Creating prefix chain script '/home/ros2/d2lros2/chapt3/chapt3_ws/install/setup.zsh'
