[1.852s] DEBUG:colcon:Command line arguments: ['/usr/bin/colcon', 'build', '--packages-select', 'example_parameters_rclcpp']
[1.852s] DEBUG:colcon:Parsed command line arguments: Namespace(log_base=None, log_level=None, verb_name='build', build_base='build', install_base='install', merge_install=False, symlink_install=False, test_result_base=None, continue_on_error=False, executor='parallel', parallel_workers=4, event_handlers=None, ignore_user_meta=False, metas=['./colcon.meta'], base_paths=['.'], packages_ignore=None, packages_ignore_regex=None, paths=None, packages_up_to=None, packages_up_to_regex=None, packages_above=None, packages_above_and_dependencies=None, packages_above_depth=None, packages_select_by_dep=None, packages_skip_by_dep=None, packages_skip_up_to=None, packages_select_build_failed=False, packages_skip_build_finished=False, packages_select_test_failures=False, packages_skip_test_passed=False, packages_select=['example_parameters_rclcpp'], packages_skip=None, packages_select_regex=None, packages_skip_regex=None, packages_start=None, packages_end=None, allow_overriding=[], cmake_args=None, cmake_target=None, cmake_target_skip_unavailable=False, cmake_clean_cache=False, cmake_clean_first=False, cmake_force_configure=False, ament_cmake_args=None, catkin_cmake_args=None, catkin_skip_building_tests=False, verb_parser=<colcon_defaults.argument_parser.defaults.DefaultArgumentsDecorator object at 0x7f0f6c3cc700>, verb_extension=<colcon_core.verb.build.BuildVerb object at 0x7f0f6c3ce260>, main=<bound method BuildVerb.main of <colcon_core.verb.build.BuildVerb object at 0x7f0f6c3ce260>>)
[1.966s] Level 1:colcon.colcon_core.package_discovery:discover_packages(colcon_meta) check parameters
[1.966s] Level 1:colcon.colcon_core.package_discovery:discover_packages(recursive) check parameters
[1.967s] Level 1:colcon.colcon_core.package_discovery:discover_packages(ignore) check parameters
[1.967s] Level 1:colcon.colcon_core.package_discovery:discover_packages(path) check parameters
[1.967s] Level 1:colcon.colcon_core.package_discovery:discover_packages(colcon_meta) discover
[1.967s] Level 1:colcon.colcon_core.package_discovery:discover_packages(recursive) discover
[1.967s] INFO:colcon.colcon_core.package_discovery:Crawling recursively for packages in '/home/ros2/d2lros2/chapt4/chapt4_ws'
[1.968s] Level 1:colcon.colcon_core.package_identification:_identify(.) by extensions ['ignore', 'ignore_ament_install']
[1.968s] Level 1:colcon.colcon_core.package_identification:_identify(.) by extension 'ignore'
[1.968s] Level 1:colcon.colcon_core.package_identification:_identify(.) by extension 'ignore_ament_install'
[1.968s] Level 1:colcon.colcon_core.package_identification:_identify(.) by extensions ['colcon_pkg']
[1.968s] Level 1:colcon.colcon_core.package_identification:_identify(.) by extension 'colcon_pkg'
[1.968s] Level 1:colcon.colcon_core.package_identification:_identify(.) by extensions ['colcon_meta']
[1.968s] Level 1:colcon.colcon_core.package_identification:_identify(.) by extension 'colcon_meta'
[1.968s] Level 1:colcon.colcon_core.package_identification:_identify(.) by extensions ['ros']
[1.968s] Level 1:colcon.colcon_core.package_identification:_identify(.) by extension 'ros'
[1.994s] Level 1:colcon.colcon_core.package_identification:_identify(.) by extensions ['cmake', 'python']
[1.995s] Level 1:colcon.colcon_core.package_identification:_identify(.) by extension 'cmake'
[1.995s] Level 1:colcon.colcon_core.package_identification:_identify(.) by extension 'python'
[1.995s] Level 1:colcon.colcon_core.package_identification:_identify(.) by extensions ['python_setup_py']
[1.995s] Level 1:colcon.colcon_core.package_identification:_identify(.) by extension 'python_setup_py'
[1.995s] Level 1:colcon.colcon_core.package_identification:_identify(build) by extensions ['ignore', 'ignore_ament_install']
[1.995s] Level 1:colcon.colcon_core.package_identification:_identify(build) by extension 'ignore'
[1.995s] Level 1:colcon.colcon_core.package_identification:_identify(build) ignored
[1.995s] Level 1:colcon.colcon_core.package_identification:_identify(install) by extensions ['ignore', 'ignore_ament_install']
[1.995s] Level 1:colcon.colcon_core.package_identification:_identify(install) by extension 'ignore'
[1.995s] Level 1:colcon.colcon_core.package_identification:_identify(install) ignored
[1.995s] Level 1:colcon.colcon_core.package_identification:_identify(log) by extensions ['ignore', 'ignore_ament_install']
[1.995s] Level 1:colcon.colcon_core.package_identification:_identify(log) by extension 'ignore'
[1.996s] Level 1:colcon.colcon_core.package_identification:_identify(log) ignored
[1.996s] Level 1:colcon.colcon_core.package_identification:_identify(src) by extensions ['ignore', 'ignore_ament_install']
[1.996s] Level 1:colcon.colcon_core.package_identification:_identify(src) by extension 'ignore'
[1.996s] Level 1:colcon.colcon_core.package_identification:_identify(src) by extension 'ignore_ament_install'
[1.996s] Level 1:colcon.colcon_core.package_identification:_identify(src) by extensions ['colcon_pkg']
[1.996s] Level 1:colcon.colcon_core.package_identification:_identify(src) by extension 'colcon_pkg'
[1.996s] Level 1:colcon.colcon_core.package_identification:_identify(src) by extensions ['colcon_meta']
[1.996s] Level 1:colcon.colcon_core.package_identification:_identify(src) by extension 'colcon_meta'
[1.996s] Level 1:colcon.colcon_core.package_identification:_identify(src) by extensions ['ros']
[1.996s] Level 1:colcon.colcon_core.package_identification:_identify(src) by extension 'ros'
[1.996s] Level 1:colcon.colcon_core.package_identification:_identify(src) by extensions ['cmake', 'python']
[1.996s] Level 1:colcon.colcon_core.package_identification:_identify(src) by extension 'cmake'
[1.996s] Level 1:colcon.colcon_core.package_identification:_identify(src) by extension 'python'
[1.997s] Level 1:colcon.colcon_core.package_identification:_identify(src) by extensions ['python_setup_py']
[1.997s] Level 1:colcon.colcon_core.package_identification:_identify(src) by extension 'python_setup_py'
[1.997s] Level 1:colcon.colcon_core.package_identification:_identify(src/example_parameters_rclcpp) by extensions ['ignore', 'ignore_ament_install']
[1.997s] Level 1:colcon.colcon_core.package_identification:_identify(src/example_parameters_rclcpp) by extension 'ignore'
[1.997s] Level 1:colcon.colcon_core.package_identification:_identify(src/example_parameters_rclcpp) by extension 'ignore_ament_install'
[1.997s] Level 1:colcon.colcon_core.package_identification:_identify(src/example_parameters_rclcpp) by extensions ['colcon_pkg']
[1.997s] Level 1:colcon.colcon_core.package_identification:_identify(src/example_parameters_rclcpp) by extension 'colcon_pkg'
[1.997s] Level 1:colcon.colcon_core.package_identification:_identify(src/example_parameters_rclcpp) by extensions ['colcon_meta']
[1.997s] Level 1:colcon.colcon_core.package_identification:_identify(src/example_parameters_rclcpp) by extension 'colcon_meta'
[1.997s] Level 1:colcon.colcon_core.package_identification:_identify(src/example_parameters_rclcpp) by extensions ['ros']
[1.997s] Level 1:colcon.colcon_core.package_identification:_identify(src/example_parameters_rclcpp) by extension 'ros'
[2.004s] DEBUG:colcon.colcon_core.package_identification:Package 'src/example_parameters_rclcpp' with type 'ros.ament_cmake' and name 'example_parameters_rclcpp'
[2.004s] Level 1:colcon.colcon_core.package_discovery:discover_packages(recursive) using defaults
[2.004s] Level 1:colcon.colcon_core.package_discovery:discover_packages(ignore) discover
[2.004s] Level 1:colcon.colcon_core.package_discovery:discover_packages(ignore) using defaults
[2.004s] Level 1:colcon.colcon_core.package_discovery:discover_packages(path) discover
[2.004s] Level 1:colcon.colcon_core.package_discovery:discover_packages(path) using defaults
[2.167s] Level 1:colcon.colcon_core.package_discovery:discover_packages(prefix_path) check parameters
[2.167s] Level 1:colcon.colcon_core.package_discovery:discover_packages(prefix_path) discover
[2.220s] DEBUG:colcon.colcon_installed_package_information.package_discovery:Found 284 installed packages in /opt/ros/humble
[2.224s] Level 1:colcon.colcon_core.package_discovery:discover_packages(prefix_path) using defaults
[2.415s] Level 5:colcon.colcon_core.verb:set package 'example_parameters_rclcpp' build argument 'cmake_args' from command line to 'None'
[2.415s] Level 5:colcon.colcon_core.verb:set package 'example_parameters_rclcpp' build argument 'cmake_target' from command line to 'None'
[2.415s] Level 5:colcon.colcon_core.verb:set package 'example_parameters_rclcpp' build argument 'cmake_target_skip_unavailable' from command line to 'False'
[2.415s] Level 5:colcon.colcon_core.verb:set package 'example_parameters_rclcpp' build argument 'cmake_clean_cache' from command line to 'False'
[2.415s] Level 5:colcon.colcon_core.verb:set package 'example_parameters_rclcpp' build argument 'cmake_clean_first' from command line to 'False'
[2.415s] Level 5:colcon.colcon_core.verb:set package 'example_parameters_rclcpp' build argument 'cmake_force_configure' from command line to 'False'
[2.415s] Level 5:colcon.colcon_core.verb:set package 'example_parameters_rclcpp' build argument 'ament_cmake_args' from command line to 'None'
[2.415s] Level 5:colcon.colcon_core.verb:set package 'example_parameters_rclcpp' build argument 'catkin_cmake_args' from command line to 'None'
[2.415s] Level 5:colcon.colcon_core.verb:set package 'example_parameters_rclcpp' build argument 'catkin_skip_building_tests' from command line to 'False'
[2.415s] DEBUG:colcon.colcon_core.verb:Building package 'example_parameters_rclcpp' with the following arguments: {'ament_cmake_args': None, 'build_base': '/home/ros2/d2lros2/chapt4/chapt4_ws/build/example_parameters_rclcpp', 'catkin_cmake_args': None, 'catkin_skip_building_tests': False, 'cmake_args': None, 'cmake_clean_cache': False, 'cmake_clean_first': False, 'cmake_force_configure': False, 'cmake_target': None, 'cmake_target_skip_unavailable': False, 'install_base': '/home/ros2/d2lros2/chapt4/chapt4_ws/install/example_parameters_rclcpp', 'merge_install': False, 'path': '/home/ros2/d2lros2/chapt4/chapt4_ws/src/example_parameters_rclcpp', 'symlink_install': False, 'test_result_base': None}
[2.443s] INFO:colcon.colcon_core.executor:Executing jobs using 'parallel' executor
[2.464s] DEBUG:colcon.colcon_parallel_executor.executor.parallel:run_until_complete
[2.464s] INFO:colcon.colcon_ros.task.ament_cmake.build:Building ROS package in '/home/ros2/d2lros2/chapt4/chapt4_ws/src/example_parameters_rclcpp' with build type 'ament_cmake'
[2.465s] INFO:colcon.colcon_cmake.task.cmake.build:Building CMake package in '/home/ros2/d2lros2/chapt4/chapt4_ws/src/example_parameters_rclcpp'
[2.509s] INFO:colcon.colcon_core.plugin_system:Skipping extension 'colcon_core.shell.bat': Not used on non-Windows systems
[2.509s] INFO:colcon.colcon_core.shell:Skip shell extension 'powershell' for command environment: Not usable outside of PowerShell
[2.509s] DEBUG:colcon.colcon_core.shell:Skip shell extension 'dsv' for command environment
[2.595s] DEBUG:colcon.colcon_core.event_handler.log_command:Invoking command in '/home/ros2/d2lros2/chapt4/chapt4_ws/build/example_parameters_rclcpp': CMAKE_PREFIX_PATH=/opt/ros/humble /usr/bin/cmake /home/ros2/d2lros2/chapt4/chapt4_ws/src/example_parameters_rclcpp -DCMAKE_INSTALL_PREFIX=/home/ros2/d2lros2/chapt4/chapt4_ws/install/example_parameters_rclcpp
[6.129s] DEBUG:colcon.colcon_core.event_handler.log_command:Invoked command in '/home/ros2/d2lros2/chapt4/chapt4_ws/build/example_parameters_rclcpp' returned '0': CMAKE_PREFIX_PATH=/opt/ros/humble /usr/bin/cmake /home/ros2/d2lros2/chapt4/chapt4_ws/src/example_parameters_rclcpp -DCMAKE_INSTALL_PREFIX=/home/ros2/d2lros2/chapt4/chapt4_ws/install/example_parameters_rclcpp
[6.135s] DEBUG:colcon.colcon_core.event_handler.log_command:Invoking command in '/home/ros2/d2lros2/chapt4/chapt4_ws/build/example_parameters_rclcpp': CMAKE_PREFIX_PATH=/opt/ros/humble /usr/bin/cmake --build /home/ros2/d2lros2/chapt4/chapt4_ws/build/example_parameters_rclcpp -- -j4 -l4
[6.590s] DEBUG:colcon.colcon_core.event_handler.log_command:Invoked command in '/home/ros2/d2lros2/chapt4/chapt4_ws/build/example_parameters_rclcpp' returned '0': CMAKE_PREFIX_PATH=/opt/ros/humble /usr/bin/cmake --build /home/ros2/d2lros2/chapt4/chapt4_ws/build/example_parameters_rclcpp -- -j4 -l4
[6.673s] DEBUG:colcon.colcon_core.event_handler.log_command:Invoking command in '/home/ros2/d2lros2/chapt4/chapt4_ws/build/example_parameters_rclcpp': CMAKE_PREFIX_PATH=/opt/ros/humble /usr/bin/cmake --install /home/ros2/d2lros2/chapt4/chapt4_ws/build/example_parameters_rclcpp
[6.713s] Level 1:colcon.colcon_core.environment:create_environment_scripts_only(example_parameters_rclcpp)
[6.714s] DEBUG:colcon.colcon_core.event_handler.log_command:Invoked command in '/home/ros2/d2lros2/chapt4/chapt4_ws/build/example_parameters_rclcpp' returned '0': CMAKE_PREFIX_PATH=/opt/ros/humble /usr/bin/cmake --install /home/ros2/d2lros2/chapt4/chapt4_ws/build/example_parameters_rclcpp
[6.763s] Level 1:colcon.colcon_core.environment:checking '/home/ros2/d2lros2/chapt4/chapt4_ws/install/example_parameters_rclcpp' for CMake module files
[6.765s] Level 1:colcon.colcon_core.environment:checking '/home/ros2/d2lros2/chapt4/chapt4_ws/install/example_parameters_rclcpp' for CMake config files
[6.765s] Level 1:colcon.colcon_core.shell:create_environment_hook('example_parameters_rclcpp', 'cmake_prefix_path')
[6.788s] INFO:colcon.colcon_core.shell:Creating environment hook '/home/ros2/d2lros2/chapt4/chapt4_ws/install/example_parameters_rclcpp/share/example_parameters_rclcpp/hook/cmake_prefix_path.ps1'
[6.790s] INFO:colcon.colcon_core.shell:Creating environment descriptor '/home/ros2/d2lros2/chapt4/chapt4_ws/install/example_parameters_rclcpp/share/example_parameters_rclcpp/hook/cmake_prefix_path.dsv'
[6.791s] INFO:colcon.colcon_core.shell:Creating environment hook '/home/ros2/d2lros2/chapt4/chapt4_ws/install/example_parameters_rclcpp/share/example_parameters_rclcpp/hook/cmake_prefix_path.sh'
[6.793s] Level 1:colcon.colcon_core.environment:checking '/home/ros2/d2lros2/chapt4/chapt4_ws/install/example_parameters_rclcpp/lib'
[6.793s] Level 1:colcon.colcon_core.environment:checking '/home/ros2/d2lros2/chapt4/chapt4_ws/install/example_parameters_rclcpp/bin'
[6.793s] Level 1:colcon.colcon_core.environment:checking '/home/ros2/d2lros2/chapt4/chapt4_ws/install/example_parameters_rclcpp/lib/pkgconfig/example_parameters_rclcpp.pc'
[6.794s] Level 1:colcon.colcon_core.environment:checking '/home/ros2/d2lros2/chapt4/chapt4_ws/install/example_parameters_rclcpp/lib/python3.10/site-packages'
[6.794s] Level 1:colcon.colcon_core.environment:checking '/home/ros2/d2lros2/chapt4/chapt4_ws/install/example_parameters_rclcpp/bin'
[6.821s] INFO:colcon.colcon_core.shell:Creating package script '/home/ros2/d2lros2/chapt4/chapt4_ws/install/example_parameters_rclcpp/share/example_parameters_rclcpp/package.ps1'
[6.823s] INFO:colcon.colcon_core.shell:Creating package descriptor '/home/ros2/d2lros2/chapt4/chapt4_ws/install/example_parameters_rclcpp/share/example_parameters_rclcpp/package.dsv'
[6.825s] INFO:colcon.colcon_core.shell:Creating package script '/home/ros2/d2lros2/chapt4/chapt4_ws/install/example_parameters_rclcpp/share/example_parameters_rclcpp/package.sh'
[6.827s] INFO:colcon.colcon_core.shell:Creating package script '/home/ros2/d2lros2/chapt4/chapt4_ws/install/example_parameters_rclcpp/share/example_parameters_rclcpp/package.bash'
[6.829s] INFO:colcon.colcon_core.shell:Creating package script '/home/ros2/d2lros2/chapt4/chapt4_ws/install/example_parameters_rclcpp/share/example_parameters_rclcpp/package.zsh'
[6.831s] Level 1:colcon.colcon_core.environment:create_file_with_runtime_dependencies(/home/ros2/d2lros2/chapt4/chapt4_ws/install/example_parameters_rclcpp/share/colcon-core/packages/example_parameters_rclcpp)
[6.917s] Level 1:colcon.colcon_core.environment:create_environment_scripts_only(example_parameters_rclcpp)
[6.942s] Level 1:colcon.colcon_core.environment:checking '/home/ros2/d2lros2/chapt4/chapt4_ws/install/example_parameters_rclcpp' for CMake module files
[6.943s] Level 1:colcon.colcon_core.environment:checking '/home/ros2/d2lros2/chapt4/chapt4_ws/install/example_parameters_rclcpp' for CMake config files
[6.944s] Level 1:colcon.colcon_core.shell:create_environment_hook('example_parameters_rclcpp', 'cmake_prefix_path')
[6.976s] INFO:colcon.colcon_core.shell:Creating environment hook '/home/ros2/d2lros2/chapt4/chapt4_ws/install/example_parameters_rclcpp/share/example_parameters_rclcpp/hook/cmake_prefix_path.ps1'
[6.977s] INFO:colcon.colcon_core.shell:Creating environment descriptor '/home/ros2/d2lros2/chapt4/chapt4_ws/install/example_parameters_rclcpp/share/example_parameters_rclcpp/hook/cmake_prefix_path.dsv'
[6.978s] INFO:colcon.colcon_core.shell:Creating environment hook '/home/ros2/d2lros2/chapt4/chapt4_ws/install/example_parameters_rclcpp/share/example_parameters_rclcpp/hook/cmake_prefix_path.sh'
[6.979s] Level 1:colcon.colcon_core.environment:checking '/home/ros2/d2lros2/chapt4/chapt4_ws/install/example_parameters_rclcpp/lib'
[6.979s] Level 1:colcon.colcon_core.environment:checking '/home/ros2/d2lros2/chapt4/chapt4_ws/install/example_parameters_rclcpp/bin'
[6.979s] Level 1:colcon.colcon_core.environment:checking '/home/ros2/d2lros2/chapt4/chapt4_ws/install/example_parameters_rclcpp/lib/pkgconfig/example_parameters_rclcpp.pc'
[6.980s] Level 1:colcon.colcon_core.environment:checking '/home/ros2/d2lros2/chapt4/chapt4_ws/install/example_parameters_rclcpp/lib/python3.10/site-packages'
[6.981s] Level 1:colcon.colcon_core.environment:checking '/home/ros2/d2lros2/chapt4/chapt4_ws/install/example_parameters_rclcpp/bin'
[7.004s] INFO:colcon.colcon_core.shell:Creating package script '/home/ros2/d2lros2/chapt4/chapt4_ws/install/example_parameters_rclcpp/share/example_parameters_rclcpp/package.ps1'
[7.005s] INFO:colcon.colcon_core.shell:Creating package descriptor '/home/ros2/d2lros2/chapt4/chapt4_ws/install/example_parameters_rclcpp/share/example_parameters_rclcpp/package.dsv'
[7.006s] INFO:colcon.colcon_core.shell:Creating package script '/home/ros2/d2lros2/chapt4/chapt4_ws/install/example_parameters_rclcpp/share/example_parameters_rclcpp/package.sh'
[7.007s] INFO:colcon.colcon_core.shell:Creating package script '/home/ros2/d2lros2/chapt4/chapt4_ws/install/example_parameters_rclcpp/share/example_parameters_rclcpp/package.bash'
[7.008s] INFO:colcon.colcon_core.shell:Creating package script '/home/ros2/d2lros2/chapt4/chapt4_ws/install/example_parameters_rclcpp/share/example_parameters_rclcpp/package.zsh'
[7.009s] Level 1:colcon.colcon_core.environment:create_file_with_runtime_dependencies(/home/ros2/d2lros2/chapt4/chapt4_ws/install/example_parameters_rclcpp/share/colcon-core/packages/example_parameters_rclcpp)
[7.009s] DEBUG:colcon.colcon_parallel_executor.executor.parallel:closing loop
[7.010s] DEBUG:colcon.colcon_parallel_executor.executor.parallel:loop closed
[7.011s] DEBUG:colcon.colcon_parallel_executor.executor.parallel:run_until_complete finished with '0'
[7.011s] DEBUG:colcon.colcon_core.event_reactor:joining thread
[7.056s] INFO:colcon.colcon_core.plugin_system:Skipping extension 'colcon_notification.desktop_notification.terminal_notifier': Not used on non-Darwin systems
[7.057s] INFO:colcon.colcon_core.plugin_system:Skipping extension 'colcon_notification.desktop_notification.win32': Not used on non-Windows systems
[7.057s] INFO:colcon.colcon_notification.desktop_notification:Sending desktop notification using 'notify2'
[7.116s] DEBUG:colcon.colcon_core.event_reactor:joined thread
[7.140s] INFO:colcon.colcon_core.shell:Creating prefix script '/home/ros2/d2lros2/chapt4/chapt4_ws/install/local_setup.ps1'
[7.144s] INFO:colcon.colcon_core.shell:Creating prefix util module '/home/ros2/d2lros2/chapt4/chapt4_ws/install/_local_setup_util_ps1.py'
[7.148s] INFO:colcon.colcon_core.shell:Creating prefix chain script '/home/ros2/d2lros2/chapt4/chapt4_ws/install/setup.ps1'
[7.173s] INFO:colcon.colcon_core.shell:Creating prefix script '/home/ros2/d2lros2/chapt4/chapt4_ws/install/local_setup.sh'
[7.175s] INFO:colcon.colcon_core.shell:Creating prefix util module '/home/ros2/d2lros2/chapt4/chapt4_ws/install/_local_setup_util_sh.py'
[7.175s] INFO:colcon.colcon_core.shell:Creating prefix chain script '/home/ros2/d2lros2/chapt4/chapt4_ws/install/setup.sh'
[7.208s] INFO:colcon.colcon_core.shell:Creating prefix script '/home/ros2/d2lros2/chapt4/chapt4_ws/install/local_setup.bash'
[7.209s] INFO:colcon.colcon_core.shell:Creating prefix chain script '/home/ros2/d2lros2/chapt4/chapt4_ws/install/setup.bash'
[7.235s] INFO:colcon.colcon_core.shell:Creating prefix script '/home/ros2/d2lros2/chapt4/chapt4_ws/install/local_setup.zsh'
[7.236s] INFO:colcon.colcon_core.shell:Creating prefix chain script '/home/ros2/d2lros2/chapt4/chapt4_ws/install/setup.zsh'
