[0.149s] Invoking command in '/home/ros2/d2lros2/chapt3/chapt3_ws/build/example_interfaces_rclcpp': CMAKE_PREFIX_PATH=${CMAKE_PREFIX_PATH}:/opt/ros/humble /usr/bin/cmake --build /home/ros2/d2lros2/chapt3/chapt3_ws/build/example_interfaces_rclcpp -- -j4 -l4
[0.253s] [35m[1mConsolidate compiler generated dependencies of target example_interfaces_robot_01[0m
[0.253s] [35m[1mConsolidate compiler generated dependencies of target example_interfaces_control_01[0m
[0.314s] [ 50%] Built target example_interfaces_robot_01
[0.326s] [100%] Built target example_interfaces_control_01
[0.353s] Invoked command in '/home/ros2/d2lros2/chapt3/chapt3_ws/build/example_interfaces_rclcpp' returned '0': CMAKE_PREFIX_PATH=${CMAKE_PREFIX_PATH}:/opt/ros/humble /usr/bin/cmake --build /home/ros2/d2lros2/chapt3/chapt3_ws/build/example_interfaces_rclcpp -- -j4 -l4
[0.437s] Invoking command in '/home/ros2/d2lros2/chapt3/chapt3_ws/build/example_interfaces_rclcpp': CMAKE_PREFIX_PATH=${CMAKE_PREFIX_PATH}:/opt/ros/humble /usr/bin/cmake --install /home/ros2/d2lros2/chapt3/chapt3_ws/build/example_interfaces_rclcpp
[0.457s] -- Install configuration: ""
[0.457s] -- Up-to-date: /home/ros2/d2lros2/chapt3/chapt3_ws/install/example_interfaces_rclcpp/lib/example_interfaces_rclcpp/example_interfaces_robot_01
[0.458s] -- Up-to-date: /home/ros2/d2lros2/chapt3/chapt3_ws/install/example_interfaces_rclcpp/lib/example_interfaces_rclcpp/example_interfaces_control_01
[0.459s] -- Up-to-date: /home/ros2/d2lros2/chapt3/chapt3_ws/install/example_interfaces_rclcpp/share/ament_index/resource_index/package_run_dependencies/example_interfaces_rclcpp
[0.459s] -- Up-to-date: /home/ros2/d2lros2/chapt3/chapt3_ws/install/example_interfaces_rclcpp/share/ament_index/resource_index/parent_prefix_path/example_interfaces_rclcpp
[0.459s] -- Up-to-date: /home/ros2/d2lros2/chapt3/chapt3_ws/install/example_interfaces_rclcpp/share/example_interfaces_rclcpp/environment/ament_prefix_path.sh
[0.459s] -- Up-to-date: /home/ros2/d2lros2/chapt3/chapt3_ws/install/example_interfaces_rclcpp/share/example_interfaces_rclcpp/environment/ament_prefix_path.dsv
[0.460s] -- Up-to-date: /home/ros2/d2lros2/chapt3/chapt3_ws/install/example_interfaces_rclcpp/share/example_interfaces_rclcpp/environment/path.sh
[0.460s] -- Up-to-date: /home/ros2/d2lros2/chapt3/chapt3_ws/install/example_interfaces_rclcpp/share/example_interfaces_rclcpp/environment/path.dsv
[0.460s] -- Up-to-date: /home/ros2/d2lros2/chapt3/chapt3_ws/install/example_interfaces_rclcpp/share/example_interfaces_rclcpp/local_setup.bash
[0.460s] -- Up-to-date: /home/ros2/d2lros2/chapt3/chapt3_ws/install/example_interfaces_rclcpp/share/example_interfaces_rclcpp/local_setup.sh
[0.460s] -- Up-to-date: /home/ros2/d2lros2/chapt3/chapt3_ws/install/example_interfaces_rclcpp/share/example_interfaces_rclcpp/local_setup.zsh
[0.460s] -- Up-to-date: /home/ros2/d2lros2/chapt3/chapt3_ws/install/example_interfaces_rclcpp/share/example_interfaces_rclcpp/local_setup.dsv
[0.460s] -- Installing: /home/ros2/d2lros2/chapt3/chapt3_ws/install/example_interfaces_rclcpp/share/example_interfaces_rclcpp/package.dsv
[0.461s] -- Up-to-date: /home/ros2/d2lros2/chapt3/chapt3_ws/install/example_interfaces_rclcpp/share/ament_index/resource_index/packages/example_interfaces_rclcpp
[0.461s] -- Up-to-date: /home/ros2/d2lros2/chapt3/chapt3_ws/install/example_interfaces_rclcpp/share/example_interfaces_rclcpp/cmake/example_interfaces_rclcppConfig.cmake
[0.461s] -- Up-to-date: /home/ros2/d2lros2/chapt3/chapt3_ws/install/example_interfaces_rclcpp/share/example_interfaces_rclcpp/cmake/example_interfaces_rclcppConfig-version.cmake
[0.461s] -- Up-to-date: /home/ros2/d2lros2/chapt3/chapt3_ws/install/example_interfaces_rclcpp/share/example_interfaces_rclcpp/package.xml
[0.468s] Invoked command in '/home/ros2/d2lros2/chapt3/chapt3_ws/build/example_interfaces_rclcpp' returned '0': CMAKE_PREFIX_PATH=${CMAKE_PREFIX_PATH}:/opt/ros/humble /usr/bin/cmake --install /home/ros2/d2lros2/chapt3/chapt3_ws/build/example_interfaces_rclcpp
