[0.166s] Invoking command in '/home/ros2/d2lros2/chapt4/chapt4_ws/build/example_parameters_rclcpp': CMAKE_PREFIX_PATH=${CMAKE_PREFIX_PATH}:/opt/ros/humble /usr/bin/cmake --build /home/ros2/d2lros2/chapt4/chapt4_ws/build/example_parameters_rclcpp -- -j4 -l4
[0.291s] [35m[1mConsolidate compiler generated dependencies of target parameters_basic[0m
[0.314s] [ 50%] [32mBuilding CXX object CMakeFiles/parameters_basic.dir/src/parameters_basic.cpp.o[0m
[6.722s] [100%] [32m[1mLinking CXX executable parameters_basic[0m
[7.067s] [100%] Built target parameters_basic
[7.085s] Invoked command in '/home/ros2/d2lros2/chapt4/chapt4_ws/build/example_parameters_rclcpp' returned '0': CMAKE_PREFIX_PATH=${CMAKE_PREFIX_PATH}:/opt/ros/humble /usr/bin/cmake --build /home/ros2/d2lros2/chapt4/chapt4_ws/build/example_parameters_rclcpp -- -j4 -l4
[7.174s] Invoking command in '/home/ros2/d2lros2/chapt4/chapt4_ws/build/example_parameters_rclcpp': CMAKE_PREFIX_PATH=${CMAKE_PREFIX_PATH}:/opt/ros/humble /usr/bin/cmake --install /home/ros2/d2lros2/chapt4/chapt4_ws/build/example_parameters_rclcpp
[7.191s] -- Install configuration: ""
[7.193s] -- Installing: /home/ros2/d2lros2/chapt4/chapt4_ws/install/example_parameters_rclcpp/lib/example_parameters_rclcpp/parameters_basic
[7.195s] -- Set runtime path of "/home/ros2/d2lros2/chapt4/chapt4_ws/install/example_parameters_rclcpp/lib/example_parameters_rclcpp/parameters_basic" to ""
[7.195s] -- Up-to-date: /home/ros2/d2lros2/chapt4/chapt4_ws/install/example_parameters_rclcpp/share/ament_index/resource_index/package_run_dependencies/example_parameters_rclcpp
[7.196s] -- Up-to-date: /home/ros2/d2lros2/chapt4/chapt4_ws/install/example_parameters_rclcpp/share/ament_index/resource_index/parent_prefix_path/example_parameters_rclcpp
[7.196s] -- Up-to-date: /home/ros2/d2lros2/chapt4/chapt4_ws/install/example_parameters_rclcpp/share/example_parameters_rclcpp/environment/ament_prefix_path.sh
[7.196s] -- Up-to-date: /home/ros2/d2lros2/chapt4/chapt4_ws/install/example_parameters_rclcpp/share/example_parameters_rclcpp/environment/ament_prefix_path.dsv
[7.197s] -- Up-to-date: /home/ros2/d2lros2/chapt4/chapt4_ws/install/example_parameters_rclcpp/share/example_parameters_rclcpp/environment/path.sh
[7.197s] -- Up-to-date: /home/ros2/d2lros2/chapt4/chapt4_ws/install/example_parameters_rclcpp/share/example_parameters_rclcpp/environment/path.dsv
[7.198s] -- Up-to-date: /home/ros2/d2lros2/chapt4/chapt4_ws/install/example_parameters_rclcpp/share/example_parameters_rclcpp/local_setup.bash
[7.198s] -- Up-to-date: /home/ros2/d2lros2/chapt4/chapt4_ws/install/example_parameters_rclcpp/share/example_parameters_rclcpp/local_setup.sh
[7.199s] -- Up-to-date: /home/ros2/d2lros2/chapt4/chapt4_ws/install/example_parameters_rclcpp/share/example_parameters_rclcpp/local_setup.zsh
[7.199s] -- Up-to-date: /home/ros2/d2lros2/chapt4/chapt4_ws/install/example_parameters_rclcpp/share/example_parameters_rclcpp/local_setup.dsv
[7.200s] -- Up-to-date: /home/ros2/d2lros2/chapt4/chapt4_ws/install/example_parameters_rclcpp/share/example_parameters_rclcpp/package.dsv
[7.200s] -- Up-to-date: /home/ros2/d2lros2/chapt4/chapt4_ws/install/example_parameters_rclcpp/share/ament_index/resource_index/packages/example_parameters_rclcpp
[7.200s] -- Up-to-date: /home/ros2/d2lros2/chapt4/chapt4_ws/install/example_parameters_rclcpp/share/example_parameters_rclcpp/cmake/example_parameters_rclcppConfig.cmake
[7.201s] -- Up-to-date: /home/ros2/d2lros2/chapt4/chapt4_ws/install/example_parameters_rclcpp/share/example_parameters_rclcpp/cmake/example_parameters_rclcppConfig-version.cmake
[7.201s] -- Up-to-date: /home/ros2/d2lros2/chapt4/chapt4_ws/install/example_parameters_rclcpp/share/example_parameters_rclcpp/package.xml
[7.219s] Invoked command in '/home/ros2/d2lros2/chapt4/chapt4_ws/build/example_parameters_rclcpp' returned '0': CMAKE_PREFIX_PATH=${CMAKE_PREFIX_PATH}:/opt/ros/humble /usr/bin/cmake --install /home/ros2/d2lros2/chapt4/chapt4_ws/build/example_parameters_rclcpp
