[0.128s] Invoking command in '/home/ros2/d2lros2/chapt4/chapt4_ws/build/example_parameters_rclcpp': CMAKE_PREFIX_PATH=/opt/ros/humble /usr/bin/cmake /home/ros2/d2lros2/chapt4/chapt4_ws/src/example_parameters_rclcpp -DCMAKE_INSTALL_PREFIX=/home/ros2/d2lros2/chapt4/chapt4_ws/install/example_parameters_rclcpp
[0.361s] -- The C compiler identification is GNU 11.4.0
[0.547s] -- The CXX compiler identification is GNU 11.4.0
[0.575s] -- Detecting C compiler ABI info
[0.720s] -- Detecting C compiler ABI info - done
[0.738s] -- Check for working C compiler: /usr/bin/cc - skipped
[0.739s] -- Detecting C compile features
[0.742s] -- Detecting C compile features - done
[0.749s] -- Detecting CXX compiler ABI info
[0.910s] -- Detecting CXX compiler ABI info - done
[0.926s] -- Check for working CXX compiler: /usr/bin/c++ - skipped
[0.927s] -- Detecting CXX compile features
[0.928s] -- Detecting CXX compile features - done
[0.946s] -- Found ament_cmake: 1.3.5 (/opt/ros/humble/share/ament_cmake/cmake)
[1.266s] -- Found Python3: /usr/bin/python3.10 (found version "3.10.12") found components: Interpreter 
[1.468s] -- Found rclcpp: 16.0.6 (/opt/ros/humble/share/rclcpp/cmake)
[1.591s] -- Found rosidl_generator_c: 3.1.5 (/opt/ros/humble/share/rosidl_generator_c/cmake)
[1.602s] -- Found rosidl_adapter: 3.1.5 (/opt/ros/humble/share/rosidl_adapter/cmake)
[1.624s] -- Found rosidl_generator_cpp: 3.1.5 (/opt/ros/humble/share/rosidl_generator_cpp/cmake)
[1.666s] -- Using all available rosidl_typesupport_c: rosidl_typesupport_fastrtps_c;rosidl_typesupport_introspection_c
[1.712s] -- Using all available rosidl_typesupport_cpp: rosidl_typesupport_fastrtps_cpp;rosidl_typesupport_introspection_cpp
[1.898s] -- Found rmw_implementation_cmake: 6.1.1 (/opt/ros/humble/share/rmw_implementation_cmake/cmake)
[1.907s] -- Found rmw_fastrtps_cpp: 6.2.4 (/opt/ros/humble/share/rmw_fastrtps_cpp/cmake)
[2.199s] -- Found OpenSSL: /usr/lib/x86_64-linux-gnu/libcrypto.so (found version "3.0.2")  
[2.260s] -- Found FastRTPS: /opt/ros/humble/include  
[2.367s] -- Using RMW implementation 'rmw_fastrtps_cpp' as default
[2.401s] -- Looking for pthread.h
[2.626s] -- Looking for pthread.h - found
[2.626s] -- Performing Test CMAKE_HAVE_LIBC_PTHREAD
[2.844s] -- Performing Test CMAKE_HAVE_LIBC_PTHREAD - Success
[2.846s] -- Found Threads: TRUE  
[3.391s] -- Found ament_lint_auto: 0.12.8 (/opt/ros/humble/share/ament_lint_auto/cmake)
[3.604s] -- Added test 'cppcheck' to perform static code analysis on C / C++ code
[3.605s] -- Configured cppcheck include dirs: $<BUILD_INTERFACE:/home/ros2/d2lros2/chapt4/chapt4_ws/src/example_parameters_rclcpp/include>
[3.605s] -- Configured cppcheck exclude dirs and/or files: 
[3.611s] -- Added test 'lint_cmake' to check CMake code style
[3.614s] -- Added test 'uncrustify' to check C / C++ code style
[3.615s] -- Configured uncrustify additional arguments: 
[3.616s] -- Added test 'xmllint' to check XML markup files
[3.619s] -- Configuring done
[3.640s] -- Generating done
[3.644s] -- Build files have been written to: /home/ros2/d2lros2/chapt4/chapt4_ws/build/example_parameters_rclcpp
[3.663s] Invoked command in '/home/ros2/d2lros2/chapt4/chapt4_ws/build/example_parameters_rclcpp' returned '0': CMAKE_PREFIX_PATH=/opt/ros/humble /usr/bin/cmake /home/ros2/d2lros2/chapt4/chapt4_ws/src/example_parameters_rclcpp -DCMAKE_INSTALL_PREFIX=/home/ros2/d2lros2/chapt4/chapt4_ws/install/example_parameters_rclcpp
[3.668s] Invoking command in '/home/ros2/d2lros2/chapt4/chapt4_ws/build/example_parameters_rclcpp': CMAKE_PREFIX_PATH=/opt/ros/humble /usr/bin/cmake --build /home/ros2/d2lros2/chapt4/chapt4_ws/build/example_parameters_rclcpp -- -j4 -l4
[3.793s] [ 50%] [32mBuilding CXX object CMakeFiles/parameters_basic.dir/src/parameters_basic.cpp.o[0m
[3.896s] [100%] [32m[1mLinking CXX executable parameters_basic[0m
[4.089s] [100%] Built target parameters_basic
[4.124s] Invoked command in '/home/ros2/d2lros2/chapt4/chapt4_ws/build/example_parameters_rclcpp' returned '0': CMAKE_PREFIX_PATH=/opt/ros/humble /usr/bin/cmake --build /home/ros2/d2lros2/chapt4/chapt4_ws/build/example_parameters_rclcpp -- -j4 -l4
[4.207s] Invoking command in '/home/ros2/d2lros2/chapt4/chapt4_ws/build/example_parameters_rclcpp': CMAKE_PREFIX_PATH=/opt/ros/humble /usr/bin/cmake --install /home/ros2/d2lros2/chapt4/chapt4_ws/build/example_parameters_rclcpp
[4.223s] -- Install configuration: ""
[4.225s] -- Installing: /home/ros2/d2lros2/chapt4/chapt4_ws/install/example_parameters_rclcpp/lib/example_parameters_rclcpp/parameters_basic
[4.226s] -- Set runtime path of "/home/ros2/d2lros2/chapt4/chapt4_ws/install/example_parameters_rclcpp/lib/example_parameters_rclcpp/parameters_basic" to ""
[4.227s] -- Installing: /home/ros2/d2lros2/chapt4/chapt4_ws/install/example_parameters_rclcpp/share/ament_index/resource_index/package_run_dependencies/example_parameters_rclcpp
[4.228s] -- Installing: /home/ros2/d2lros2/chapt4/chapt4_ws/install/example_parameters_rclcpp/share/ament_index/resource_index/parent_prefix_path/example_parameters_rclcpp
[4.229s] -- Installing: /home/ros2/d2lros2/chapt4/chapt4_ws/install/example_parameters_rclcpp/share/example_parameters_rclcpp/environment/ament_prefix_path.sh
[4.229s] -- Installing: /home/ros2/d2lros2/chapt4/chapt4_ws/install/example_parameters_rclcpp/share/example_parameters_rclcpp/environment/ament_prefix_path.dsv
[4.230s] -- Installing: /home/ros2/d2lros2/chapt4/chapt4_ws/install/example_parameters_rclcpp/share/example_parameters_rclcpp/environment/path.sh
[4.230s] -- Installing: /home/ros2/d2lros2/chapt4/chapt4_ws/install/example_parameters_rclcpp/share/example_parameters_rclcpp/environment/path.dsv
[4.231s] -- Installing: /home/ros2/d2lros2/chapt4/chapt4_ws/install/example_parameters_rclcpp/share/example_parameters_rclcpp/local_setup.bash
[4.232s] -- Installing: /home/ros2/d2lros2/chapt4/chapt4_ws/install/example_parameters_rclcpp/share/example_parameters_rclcpp/local_setup.sh
[4.232s] -- Installing: /home/ros2/d2lros2/chapt4/chapt4_ws/install/example_parameters_rclcpp/share/example_parameters_rclcpp/local_setup.zsh
[4.237s] -- Installing: /home/ros2/d2lros2/chapt4/chapt4_ws/install/example_parameters_rclcpp/share/example_parameters_rclcpp/local_setup.dsv
[4.238s] -- Installing: /home/ros2/d2lros2/chapt4/chapt4_ws/install/example_parameters_rclcpp/share/example_parameters_rclcpp/package.dsv
[4.238s] -- Installing: /home/ros2/d2lros2/chapt4/chapt4_ws/install/example_parameters_rclcpp/share/ament_index/resource_index/packages/example_parameters_rclcpp
[4.239s] -- Installing: /home/ros2/d2lros2/chapt4/chapt4_ws/install/example_parameters_rclcpp/share/example_parameters_rclcpp/cmake/example_parameters_rclcppConfig.cmake
[4.239s] -- Installing: /home/ros2/d2lros2/chapt4/chapt4_ws/install/example_parameters_rclcpp/share/example_parameters_rclcpp/cmake/example_parameters_rclcppConfig-version.cmake
[4.241s] -- Installing: /home/ros2/d2lros2/chapt4/chapt4_ws/install/example_parameters_rclcpp/share/example_parameters_rclcpp/package.xml
[4.247s] Invoked command in '/home/ros2/d2lros2/chapt4/chapt4_ws/build/example_parameters_rclcpp' returned '0': CMAKE_PREFIX_PATH=/opt/ros/humble /usr/bin/cmake --install /home/ros2/d2lros2/chapt4/chapt4_ws/build/example_parameters_rclcpp
