[0.133s] Invoking command in '/home/ros2/d2lros2/chapt3/chapt3_ws/build/example_topic_rclcpp': CMAKE_PREFIX_PATH=/opt/ros/humble /usr/bin/cmake /home/ros2/d2lros2/chapt3/chapt3_ws/src/example_topic_rclcpp -DCMAKE_INSTALL_PREFIX=/home/ros2/d2lros2/chapt3/chapt3_ws/install/example_topic_rclcpp
[0.166s] [33mCMake Warning (dev) in CMakeLists.txt:
[0.167s]   No project() command is present.  The top-level CMakeLists.txt file must
[0.167s]   contain a literal, direct call to the project() command.  Add a line of
[0.168s]   code such as
[0.168s] 
[0.168s]     project(ProjectName)
[0.168s] 
[0.168s]   near the top of the file, but after cmake_minimum_required().
[0.169s] 
[0.169s]   CMake is pretending there is a "project(Project)" command on the first
[0.169s]   line.
[0.169s] This warning is for project developers.  Use -Wno-dev to suppress it.
[0.169s] [0m
[0.440s] -- The C compiler identification is GNU 11.4.0
[0.691s] -- The CXX compiler identification is GNU 11.4.0
[0.721s] -- Detecting C compiler ABI info
[0.905s] -- Detecting C compiler ABI info - done
[0.928s] -- Check for working C compiler: /usr/bin/cc - skipped
[0.929s] -- Detecting C compile features
[0.931s] -- Detecting C compile features - done
[0.943s] -- Detecting CXX compiler ABI info
[1.147s] -- Detecting CXX compiler ABI info - done
[1.169s] -- Check for working CXX compiler: /usr/bin/c++ - skipped
[1.169s] -- Detecting CXX compile features
[1.171s] -- Detecting CXX compile features - done
[1.173s] [31mCMake Error at CMakeLists.txt:2 (ament_target_dependencies):
[1.173s]   Unknown CMake command "ament_target_dependencies".
[1.173s] 
[1.173s] [0m
[1.174s] [33mCMake Warning (dev) in CMakeLists.txt:
[1.174s]   No cmake_minimum_required command is present.  A line of code such as
[1.174s] 
[1.174s]     cmake_minimum_required(VERSION 3.22)
[1.174s] 
[1.174s]   should be added at the top of the file.  The version specified may be lower
[1.174s]   if you wish to support older CMake versions for this project.  For more
[1.175s]   information run "cmake --help-policy CMP0000".
[1.175s] This warning is for project developers.  Use -Wno-dev to suppress it.
[1.175s] [0m
[1.175s] -- Configuring incomplete, errors occurred!
[1.176s] See also "/home/ros2/d2lros2/chapt3/chapt3_ws/build/example_topic_rclcpp/CMakeFiles/CMakeOutput.log".
[1.182s] Invoked command in '/home/ros2/d2lros2/chapt3/chapt3_ws/build/example_topic_rclcpp' returned '1': CMAKE_PREFIX_PATH=/opt/ros/humble /usr/bin/cmake /home/ros2/d2lros2/chapt3/chapt3_ws/src/example_topic_rclcpp -DCMAKE_INSTALL_PREFIX=/home/ros2/d2lros2/chapt3/chapt3_ws/install/example_topic_rclcpp
