[0.109s] Invoking command in '/home/ros2/d2lros2/chapt3/chapt3_ws/build/example_service_rclcpp': CMAKE_PREFIX_PATH=${CMAKE_PREFIX_PATH}:/opt/ros/humble /usr/bin/cmake --build /home/ros2/d2lros2/chapt3/chapt3_ws/build/example_service_rclcpp -- -j4 -l4
[0.218s] [35m[1mConsolidate compiler generated dependencies of target service_client_01[0m
[0.247s] [ 50%] Built target service_server_01
[0.261s] [100%] Built target service_client_01
[0.288s] Invoked command in '/home/ros2/d2lros2/chapt3/chapt3_ws/build/example_service_rclcpp' returned '0': CMAKE_PREFIX_PATH=${CMAKE_PREFIX_PATH}:/opt/ros/humble /usr/bin/cmake --build /home/ros2/d2lros2/chapt3/chapt3_ws/build/example_service_rclcpp -- -j4 -l4
[0.371s] Invoking command in '/home/ros2/d2lros2/chapt3/chapt3_ws/build/example_service_rclcpp': CMAKE_PREFIX_PATH=${CMAKE_PREFIX_PATH}:/opt/ros/humble /usr/bin/cmake --install /home/ros2/d2lros2/chapt3/chapt3_ws/build/example_service_rclcpp
[0.389s] -- Install configuration: ""
[0.389s] -- Up-to-date: /home/ros2/d2lros2/chapt3/chapt3_ws/install/example_service_rclcpp/share/ament_index/resource_index/package_run_dependencies/example_service_rclcpp
[0.390s] -- Up-to-date: /home/ros2/d2lros2/chapt3/chapt3_ws/install/example_service_rclcpp/share/ament_index/resource_index/parent_prefix_path/example_service_rclcpp
[0.390s] -- Up-to-date: /home/ros2/d2lros2/chapt3/chapt3_ws/install/example_service_rclcpp/share/example_service_rclcpp/environment/ament_prefix_path.sh
[0.390s] -- Up-to-date: /home/ros2/d2lros2/chapt3/chapt3_ws/install/example_service_rclcpp/share/example_service_rclcpp/environment/ament_prefix_path.dsv
[0.391s] -- Up-to-date: /home/ros2/d2lros2/chapt3/chapt3_ws/install/example_service_rclcpp/share/example_service_rclcpp/environment/path.sh
[0.391s] -- Up-to-date: /home/ros2/d2lros2/chapt3/chapt3_ws/install/example_service_rclcpp/share/example_service_rclcpp/environment/path.dsv
[0.391s] -- Up-to-date: /home/ros2/d2lros2/chapt3/chapt3_ws/install/example_service_rclcpp/share/example_service_rclcpp/local_setup.bash
[0.392s] -- Up-to-date: /home/ros2/d2lros2/chapt3/chapt3_ws/install/example_service_rclcpp/share/example_service_rclcpp/local_setup.sh
[0.392s] -- Up-to-date: /home/ros2/d2lros2/chapt3/chapt3_ws/install/example_service_rclcpp/share/example_service_rclcpp/local_setup.zsh
[0.392s] -- Up-to-date: /home/ros2/d2lros2/chapt3/chapt3_ws/install/example_service_rclcpp/share/example_service_rclcpp/local_setup.dsv
[0.393s] -- Installing: /home/ros2/d2lros2/chapt3/chapt3_ws/install/example_service_rclcpp/share/example_service_rclcpp/package.dsv
[0.393s] -- Up-to-date: /home/ros2/d2lros2/chapt3/chapt3_ws/install/example_service_rclcpp/share/ament_index/resource_index/packages/example_service_rclcpp
[0.393s] -- Up-to-date: /home/ros2/d2lros2/chapt3/chapt3_ws/install/example_service_rclcpp/share/example_service_rclcpp/cmake/example_service_rclcppConfig.cmake
[0.393s] -- Up-to-date: /home/ros2/d2lros2/chapt3/chapt3_ws/install/example_service_rclcpp/share/example_service_rclcpp/cmake/example_service_rclcppConfig-version.cmake
[0.394s] -- Up-to-date: /home/ros2/d2lros2/chapt3/chapt3_ws/install/example_service_rclcpp/share/example_service_rclcpp/package.xml
[0.394s] -- Up-to-date: /home/ros2/d2lros2/chapt3/chapt3_ws/install/example_service_rclcpp/lib/example_service_rclcpp/service_server_01
[0.394s] -- Up-to-date: /home/ros2/d2lros2/chapt3/chapt3_ws/install/example_service_rclcpp/lib/example_service_rclcpp/service_client_01
[0.399s] Invoked command in '/home/ros2/d2lros2/chapt3/chapt3_ws/build/example_service_rclcpp' returned '0': CMAKE_PREFIX_PATH=${CMAKE_PREFIX_PATH}:/opt/ros/humble /usr/bin/cmake --install /home/ros2/d2lros2/chapt3/chapt3_ws/build/example_service_rclcpp
