[1.684s] DEBUG:colcon:Command line arguments: ['/usr/bin/colcon', 'build']
[1.684s] DEBUG:colcon:Parsed command line arguments: Namespace(log_base=None, log_level=None, verb_name='build', build_base='build', install_base='install', merge_install=False, symlink_install=False, test_result_base=None, continue_on_error=False, executor='parallel', parallel_workers=4, event_handlers=None, ignore_user_meta=False, metas=['./colcon.meta'], base_paths=['.'], packages_ignore=None, packages_ignore_regex=None, paths=None, packages_up_to=None, packages_up_to_regex=None, packages_above=None, packages_above_and_dependencies=None, packages_above_depth=None, packages_select_by_dep=None, packages_skip_by_dep=None, packages_skip_up_to=None, packages_select_build_failed=False, packages_skip_build_finished=False, packages_select_test_failures=False, packages_skip_test_passed=False, packages_select=None, packages_skip=None, packages_select_regex=None, packages_skip_regex=None, packages_start=None, packages_end=None, allow_overriding=[], cmake_args=None, cmake_target=None, cmake_target_skip_unavailable=False, cmake_clean_cache=False, cmake_clean_first=False, cmake_force_configure=False, ament_cmake_args=None, catkin_cmake_args=None, catkin_skip_building_tests=False, verb_parser=<colcon_defaults.argument_parser.defaults.DefaultArgumentsDecorator object at 0x7f15a00cc040>, verb_extension=<colcon_core.verb.build.BuildVerb object at 0x7f15a00ce0e0>, main=<bound method BuildVerb.main of <colcon_core.verb.build.BuildVerb object at 0x7f15a00ce0e0>>)
[1.769s] Level 1:colcon.colcon_core.package_discovery:discover_packages(colcon_meta) check parameters
[1.769s] Level 1:colcon.colcon_core.package_discovery:discover_packages(recursive) check parameters
[1.770s] Level 1:colcon.colcon_core.package_discovery:discover_packages(ignore) check parameters
[1.770s] Level 1:colcon.colcon_core.package_discovery:discover_packages(path) check parameters
[1.770s] Level 1:colcon.colcon_core.package_discovery:discover_packages(colcon_meta) discover
[1.770s] Level 1:colcon.colcon_core.package_discovery:discover_packages(recursive) discover
[1.770s] INFO:colcon.colcon_core.package_discovery:Crawling recursively for packages in '/home/ros2/d2lros2/chapter2/chapt2_ws'
[1.770s] Level 1:colcon.colcon_core.package_identification:_identify(.) by extensions ['ignore', 'ignore_ament_install']
[1.770s] Level 1:colcon.colcon_core.package_identification:_identify(.) by extension 'ignore'
[1.770s] Level 1:colcon.colcon_core.package_identification:_identify(.) by extension 'ignore_ament_install'
[1.771s] Level 1:colcon.colcon_core.package_identification:_identify(.) by extensions ['colcon_pkg']
[1.771s] Level 1:colcon.colcon_core.package_identification:_identify(.) by extension 'colcon_pkg'
[1.771s] Level 1:colcon.colcon_core.package_identification:_identify(.) by extensions ['colcon_meta']
[1.771s] Level 1:colcon.colcon_core.package_identification:_identify(.) by extension 'colcon_meta'
[1.771s] Level 1:colcon.colcon_core.package_identification:_identify(.) by extensions ['ros']
[1.771s] Level 1:colcon.colcon_core.package_identification:_identify(.) by extension 'ros'
[1.797s] Level 1:colcon.colcon_core.package_identification:_identify(.) by extensions ['cmake', 'python']
[1.797s] Level 1:colcon.colcon_core.package_identification:_identify(.) by extension 'cmake'
[1.797s] Level 1:colcon.colcon_core.package_identification:_identify(.) by extension 'python'
[1.798s] Level 1:colcon.colcon_core.package_identification:_identify(.) by extensions ['python_setup_py']
[1.798s] Level 1:colcon.colcon_core.package_identification:_identify(.) by extension 'python_setup_py'
[1.798s] Level 1:colcon.colcon_core.package_identification:_identify(build) by extensions ['ignore', 'ignore_ament_install']
[1.798s] Level 1:colcon.colcon_core.package_identification:_identify(build) by extension 'ignore'
[1.798s] Level 1:colcon.colcon_core.package_identification:_identify(build) ignored
[1.798s] Level 1:colcon.colcon_core.package_identification:_identify(install) by extensions ['ignore', 'ignore_ament_install']
[1.799s] Level 1:colcon.colcon_core.package_identification:_identify(install) by extension 'ignore'
[1.799s] Level 1:colcon.colcon_core.package_identification:_identify(install) ignored
[1.799s] Level 1:colcon.colcon_core.package_identification:_identify(log) by extensions ['ignore', 'ignore_ament_install']
[1.799s] Level 1:colcon.colcon_core.package_identification:_identify(log) by extension 'ignore'
[1.799s] Level 1:colcon.colcon_core.package_identification:_identify(log) ignored
[1.799s] Level 1:colcon.colcon_core.package_identification:_identify(src) by extensions ['ignore', 'ignore_ament_install']
[1.799s] Level 1:colcon.colcon_core.package_identification:_identify(src) by extension 'ignore'
[1.799s] Level 1:colcon.colcon_core.package_identification:_identify(src) by extension 'ignore_ament_install'
[1.800s] Level 1:colcon.colcon_core.package_identification:_identify(src) by extensions ['colcon_pkg']
[1.800s] Level 1:colcon.colcon_core.package_identification:_identify(src) by extension 'colcon_pkg'
[1.800s] Level 1:colcon.colcon_core.package_identification:_identify(src) by extensions ['colcon_meta']
[1.800s] Level 1:colcon.colcon_core.package_identification:_identify(src) by extension 'colcon_meta'
[1.800s] Level 1:colcon.colcon_core.package_identification:_identify(src) by extensions ['ros']
[1.800s] Level 1:colcon.colcon_core.package_identification:_identify(src) by extension 'ros'
[1.800s] Level 1:colcon.colcon_core.package_identification:_identify(src) by extensions ['cmake', 'python']
[1.801s] Level 1:colcon.colcon_core.package_identification:_identify(src) by extension 'cmake'
[1.801s] Level 1:colcon.colcon_core.package_identification:_identify(src) by extension 'python'
[1.801s] Level 1:colcon.colcon_core.package_identification:_identify(src) by extensions ['python_setup_py']
[1.801s] Level 1:colcon.colcon_core.package_identification:_identify(src) by extension 'python_setup_py'
[1.801s] Level 1:colcon.colcon_core.package_identification:_identify(src/example_cpp) by extensions ['ignore', 'ignore_ament_install']
[1.801s] Level 1:colcon.colcon_core.package_identification:_identify(src/example_cpp) by extension 'ignore'
[1.801s] Level 1:colcon.colcon_core.package_identification:_identify(src/example_cpp) by extension 'ignore_ament_install'
[1.801s] Level 1:colcon.colcon_core.package_identification:_identify(src/example_cpp) by extensions ['colcon_pkg']
[1.802s] Level 1:colcon.colcon_core.package_identification:_identify(src/example_cpp) by extension 'colcon_pkg'
[1.802s] Level 1:colcon.colcon_core.package_identification:_identify(src/example_cpp) by extensions ['colcon_meta']
[1.802s] Level 1:colcon.colcon_core.package_identification:_identify(src/example_cpp) by extension 'colcon_meta'
[1.802s] Level 1:colcon.colcon_core.package_identification:_identify(src/example_cpp) by extensions ['ros']
[1.802s] Level 1:colcon.colcon_core.package_identification:_identify(src/example_cpp) by extension 'ros'
[1.807s] DEBUG:colcon.colcon_core.package_identification:Package 'src/example_cpp' with type 'ros.ament_cmake' and name 'example_cpp'
[1.808s] Level 1:colcon.colcon_core.package_discovery:discover_packages(recursive) using defaults
[1.808s] Level 1:colcon.colcon_core.package_discovery:discover_packages(ignore) discover
[1.808s] Level 1:colcon.colcon_core.package_discovery:discover_packages(ignore) using defaults
[1.808s] Level 1:colcon.colcon_core.package_discovery:discover_packages(path) discover
[1.808s] Level 1:colcon.colcon_core.package_discovery:discover_packages(path) using defaults
[1.984s] Level 1:colcon.colcon_core.package_discovery:discover_packages(prefix_path) check parameters
[1.984s] Level 1:colcon.colcon_core.package_discovery:discover_packages(prefix_path) discover
[2.041s] DEBUG:colcon.colcon_installed_package_information.package_discovery:Found 284 installed packages in /opt/ros/humble
[2.046s] Level 1:colcon.colcon_core.package_discovery:discover_packages(prefix_path) using defaults
[2.247s] Level 5:colcon.colcon_core.verb:set package 'example_cpp' build argument 'cmake_args' from command line to 'None'
[2.247s] Level 5:colcon.colcon_core.verb:set package 'example_cpp' build argument 'cmake_target' from command line to 'None'
[2.247s] Level 5:colcon.colcon_core.verb:set package 'example_cpp' build argument 'cmake_target_skip_unavailable' from command line to 'False'
[2.247s] Level 5:colcon.colcon_core.verb:set package 'example_cpp' build argument 'cmake_clean_cache' from command line to 'False'
[2.248s] Level 5:colcon.colcon_core.verb:set package 'example_cpp' build argument 'cmake_clean_first' from command line to 'False'
[2.248s] Level 5:colcon.colcon_core.verb:set package 'example_cpp' build argument 'cmake_force_configure' from command line to 'False'
[2.248s] Level 5:colcon.colcon_core.verb:set package 'example_cpp' build argument 'ament_cmake_args' from command line to 'None'
[2.248s] Level 5:colcon.colcon_core.verb:set package 'example_cpp' build argument 'catkin_cmake_args' from command line to 'None'
[2.248s] Level 5:colcon.colcon_core.verb:set package 'example_cpp' build argument 'catkin_skip_building_tests' from command line to 'False'
[2.248s] DEBUG:colcon.colcon_core.verb:Building package 'example_cpp' with the following arguments: {'ament_cmake_args': None, 'build_base': '/home/ros2/d2lros2/chapter2/chapt2_ws/build/example_cpp', 'catkin_cmake_args': None, 'catkin_skip_building_tests': False, 'cmake_args': None, 'cmake_clean_cache': False, 'cmake_clean_first': False, 'cmake_force_configure': False, 'cmake_target': None, 'cmake_target_skip_unavailable': False, 'install_base': '/home/ros2/d2lros2/chapter2/chapt2_ws/install/example_cpp', 'merge_install': False, 'path': '/home/ros2/d2lros2/chapter2/chapt2_ws/src/example_cpp', 'symlink_install': False, 'test_result_base': None}
[2.273s] INFO:colcon.colcon_core.executor:Executing jobs using 'parallel' executor
[2.303s] DEBUG:colcon.colcon_parallel_executor.executor.parallel:run_until_complete
[2.303s] INFO:colcon.colcon_ros.task.ament_cmake.build:Building ROS package in '/home/ros2/d2lros2/chapter2/chapt2_ws/src/example_cpp' with build type 'ament_cmake'
[2.304s] INFO:colcon.colcon_cmake.task.cmake.build:Building CMake package in '/home/ros2/d2lros2/chapter2/chapt2_ws/src/example_cpp'
[2.344s] INFO:colcon.colcon_core.plugin_system:Skipping extension 'colcon_core.shell.bat': Not used on non-Windows systems
[2.345s] INFO:colcon.colcon_core.shell:Skip shell extension 'powershell' for command environment: Not usable outside of PowerShell
[2.345s] DEBUG:colcon.colcon_core.shell:Skip shell extension 'dsv' for command environment
[2.432s] DEBUG:colcon.colcon_core.event_handler.log_command:Invoking command in '/home/ros2/d2lros2/chapter2/chapt2_ws/build/example_cpp': CMAKE_PREFIX_PATH=/opt/ros/humble /usr/bin/cmake --build /home/ros2/d2lros2/chapter2/chapt2_ws/build/example_cpp -- -j4 -l4
[2.697s] DEBUG:colcon.colcon_core.event_handler.log_command:Invoked command in '/home/ros2/d2lros2/chapter2/chapt2_ws/build/example_cpp' returned '2': CMAKE_PREFIX_PATH=/opt/ros/humble /usr/bin/cmake --build /home/ros2/d2lros2/chapter2/chapt2_ws/build/example_cpp -- -j4 -l4
[2.785s] Level 1:colcon.colcon_core.environment:create_environment_scripts_only(example_cpp)
[2.820s] Level 1:colcon.colcon_core.environment:checking '/home/ros2/d2lros2/chapter2/chapt2_ws/install/example_cpp' for CMake module files
[2.821s] Level 1:colcon.colcon_core.environment:checking '/home/ros2/d2lros2/chapter2/chapt2_ws/install/example_cpp' for CMake config files
[2.822s] Level 1:colcon.colcon_core.environment:checking '/home/ros2/d2lros2/chapter2/chapt2_ws/install/example_cpp/bin'
[2.822s] Level 1:colcon.colcon_core.environment:checking '/home/ros2/d2lros2/chapter2/chapt2_ws/install/example_cpp/lib/pkgconfig/example_cpp.pc'
[2.823s] Level 1:colcon.colcon_core.environment:checking '/home/ros2/d2lros2/chapter2/chapt2_ws/install/example_cpp/lib/python3.10/site-packages'
[2.823s] Level 1:colcon.colcon_core.environment:checking '/home/ros2/d2lros2/chapter2/chapt2_ws/install/example_cpp/bin'
[2.855s] INFO:colcon.colcon_core.shell:Creating package script '/home/ros2/d2lros2/chapter2/chapt2_ws/install/example_cpp/share/example_cpp/package.ps1'
[2.857s] INFO:colcon.colcon_core.shell:Creating package descriptor '/home/ros2/d2lros2/chapter2/chapt2_ws/install/example_cpp/share/example_cpp/package.dsv'
[2.859s] INFO:colcon.colcon_core.shell:Creating package script '/home/ros2/d2lros2/chapter2/chapt2_ws/install/example_cpp/share/example_cpp/package.sh'
[2.862s] INFO:colcon.colcon_core.shell:Creating package script '/home/ros2/d2lros2/chapter2/chapt2_ws/install/example_cpp/share/example_cpp/package.bash'
[2.864s] INFO:colcon.colcon_core.shell:Creating package script '/home/ros2/d2lros2/chapter2/chapt2_ws/install/example_cpp/share/example_cpp/package.zsh'
[2.866s] Level 1:colcon.colcon_core.environment:create_file_with_runtime_dependencies(/home/ros2/d2lros2/chapter2/chapt2_ws/install/example_cpp/share/colcon-core/packages/example_cpp)
[2.878s] DEBUG:colcon.colcon_parallel_executor.executor.parallel:closing loop
[2.878s] DEBUG:colcon.colcon_parallel_executor.executor.parallel:loop closed
[2.879s] DEBUG:colcon.colcon_parallel_executor.executor.parallel:run_until_complete finished with '2'
[2.879s] DEBUG:colcon.colcon_core.event_reactor:joining thread
[2.926s] INFO:colcon.colcon_core.plugin_system:Skipping extension 'colcon_notification.desktop_notification.terminal_notifier': Not used on non-Darwin systems
[2.927s] INFO:colcon.colcon_core.plugin_system:Skipping extension 'colcon_notification.desktop_notification.win32': Not used on non-Windows systems
[2.927s] INFO:colcon.colcon_notification.desktop_notification:Sending desktop notification using 'notify2'
[2.954s] DEBUG:colcon.colcon_core.event_reactor:joined thread
[2.986s] INFO:colcon.colcon_core.shell:Creating prefix script '/home/ros2/d2lros2/chapter2/chapt2_ws/install/local_setup.ps1'
[2.989s] INFO:colcon.colcon_core.shell:Creating prefix util module '/home/ros2/d2lros2/chapter2/chapt2_ws/install/_local_setup_util_ps1.py'
[2.992s] INFO:colcon.colcon_core.shell:Creating prefix chain script '/home/ros2/d2lros2/chapter2/chapt2_ws/install/setup.ps1'
[3.022s] INFO:colcon.colcon_core.shell:Creating prefix script '/home/ros2/d2lros2/chapter2/chapt2_ws/install/local_setup.sh'
[3.024s] INFO:colcon.colcon_core.shell:Creating prefix util module '/home/ros2/d2lros2/chapter2/chapt2_ws/install/_local_setup_util_sh.py'
[3.025s] INFO:colcon.colcon_core.shell:Creating prefix chain script '/home/ros2/d2lros2/chapter2/chapt2_ws/install/setup.sh'
[3.056s] INFO:colcon.colcon_core.shell:Creating prefix script '/home/ros2/d2lros2/chapter2/chapt2_ws/install/local_setup.bash'
[3.057s] INFO:colcon.colcon_core.shell:Creating prefix chain script '/home/ros2/d2lros2/chapter2/chapt2_ws/install/setup.bash'
[3.082s] INFO:colcon.colcon_core.shell:Creating prefix script '/home/ros2/d2lros2/chapter2/chapt2_ws/install/local_setup.zsh'
[3.083s] INFO:colcon.colcon_core.shell:Creating prefix chain script '/home/ros2/d2lros2/chapter2/chapt2_ws/install/setup.zsh'
