[1.756s] DEBUG:colcon:Command line arguments: ['/usr/bin/colcon', 'build', '--packages-select', 'example_service_rclcpp']
[1.756s] DEBUG:colcon:Parsed command line arguments: Namespace(log_base=None, log_level=None, verb_name='build', build_base='build', install_base='install', merge_install=False, symlink_install=False, test_result_base=None, continue_on_error=False, executor='parallel', parallel_workers=4, event_handlers=None, ignore_user_meta=False, metas=['./colcon.meta'], base_paths=['.'], packages_ignore=None, packages_ignore_regex=None, paths=None, packages_up_to=None, packages_up_to_regex=None, packages_above=None, packages_above_and_dependencies=None, packages_above_depth=None, packages_select_by_dep=None, packages_skip_by_dep=None, packages_skip_up_to=None, packages_select_build_failed=False, packages_skip_build_finished=False, packages_select_test_failures=False, packages_skip_test_passed=False, packages_select=['example_service_rclcpp'], packages_skip=None, packages_select_regex=None, packages_skip_regex=None, packages_start=None, packages_end=None, allow_overriding=[], cmake_args=None, cmake_target=None, cmake_target_skip_unavailable=False, cmake_clean_cache=False, cmake_clean_first=False, cmake_force_configure=False, ament_cmake_args=None, catkin_cmake_args=None, catkin_skip_building_tests=False, verb_parser=<colcon_defaults.argument_parser.defaults.DefaultArgumentsDecorator object at 0x7fa339ec0580>, verb_extension=<colcon_core.verb.build.BuildVerb object at 0x7fa339ec2140>, main=<bound method BuildVerb.main of <colcon_core.verb.build.BuildVerb object at 0x7fa339ec2140>>)
[1.847s] Level 1:colcon.colcon_core.package_discovery:discover_packages(colcon_meta) check parameters
[1.848s] Level 1:colcon.colcon_core.package_discovery:discover_packages(recursive) check parameters
[1.848s] Level 1:colcon.colcon_core.package_discovery:discover_packages(ignore) check parameters
[1.848s] Level 1:colcon.colcon_core.package_discovery:discover_packages(path) check parameters
[1.848s] Level 1:colcon.colcon_core.package_discovery:discover_packages(colcon_meta) discover
[1.848s] Level 1:colcon.colcon_core.package_discovery:discover_packages(recursive) discover
[1.848s] INFO:colcon.colcon_core.package_discovery:Crawling recursively for packages in '/home/ros2/d2lros2/chapt3/chapt3_ws'
[1.848s] Level 1:colcon.colcon_core.package_identification:_identify(.) by extensions ['ignore', 'ignore_ament_install']
[1.848s] Level 1:colcon.colcon_core.package_identification:_identify(.) by extension 'ignore'
[1.848s] Level 1:colcon.colcon_core.package_identification:_identify(.) by extension 'ignore_ament_install'
[1.848s] Level 1:colcon.colcon_core.package_identification:_identify(.) by extensions ['colcon_pkg']
[1.848s] Level 1:colcon.colcon_core.package_identification:_identify(.) by extension 'colcon_pkg'
[1.849s] Level 1:colcon.colcon_core.package_identification:_identify(.) by extensions ['colcon_meta']
[1.849s] Level 1:colcon.colcon_core.package_identification:_identify(.) by extension 'colcon_meta'
[1.849s] Level 1:colcon.colcon_core.package_identification:_identify(.) by extensions ['ros']
[1.849s] Level 1:colcon.colcon_core.package_identification:_identify(.) by extension 'ros'
[1.869s] Level 1:colcon.colcon_core.package_identification:_identify(.) by extensions ['cmake', 'python']
[1.869s] Level 1:colcon.colcon_core.package_identification:_identify(.) by extension 'cmake'
[1.870s] Level 1:colcon.colcon_core.package_identification:_identify(.) by extension 'python'
[1.870s] Level 1:colcon.colcon_core.package_identification:_identify(.) by extensions ['python_setup_py']
[1.870s] Level 1:colcon.colcon_core.package_identification:_identify(.) by extension 'python_setup_py'
[1.870s] Level 1:colcon.colcon_core.package_identification:_identify(build) by extensions ['ignore', 'ignore_ament_install']
[1.870s] Level 1:colcon.colcon_core.package_identification:_identify(build) by extension 'ignore'
[1.870s] Level 1:colcon.colcon_core.package_identification:_identify(build) ignored
[1.871s] Level 1:colcon.colcon_core.package_identification:_identify(install) by extensions ['ignore', 'ignore_ament_install']
[1.871s] Level 1:colcon.colcon_core.package_identification:_identify(install) by extension 'ignore'
[1.871s] Level 1:colcon.colcon_core.package_identification:_identify(install) ignored
[1.871s] Level 1:colcon.colcon_core.package_identification:_identify(log) by extensions ['ignore', 'ignore_ament_install']
[1.871s] Level 1:colcon.colcon_core.package_identification:_identify(log) by extension 'ignore'
[1.871s] Level 1:colcon.colcon_core.package_identification:_identify(log) ignored
[1.871s] Level 1:colcon.colcon_core.package_identification:_identify(src) by extensions ['ignore', 'ignore_ament_install']
[1.872s] Level 1:colcon.colcon_core.package_identification:_identify(src) by extension 'ignore'
[1.872s] Level 1:colcon.colcon_core.package_identification:_identify(src) by extension 'ignore_ament_install'
[1.872s] Level 1:colcon.colcon_core.package_identification:_identify(src) by extensions ['colcon_pkg']
[1.872s] Level 1:colcon.colcon_core.package_identification:_identify(src) by extension 'colcon_pkg'
[1.872s] Level 1:colcon.colcon_core.package_identification:_identify(src) by extensions ['colcon_meta']
[1.872s] Level 1:colcon.colcon_core.package_identification:_identify(src) by extension 'colcon_meta'
[1.872s] Level 1:colcon.colcon_core.package_identification:_identify(src) by extensions ['ros']
[1.872s] Level 1:colcon.colcon_core.package_identification:_identify(src) by extension 'ros'
[1.872s] Level 1:colcon.colcon_core.package_identification:_identify(src) by extensions ['cmake', 'python']
[1.872s] Level 1:colcon.colcon_core.package_identification:_identify(src) by extension 'cmake'
[1.873s] Level 1:colcon.colcon_core.package_identification:_identify(src) by extension 'python'
[1.873s] Level 1:colcon.colcon_core.package_identification:_identify(src) by extensions ['python_setup_py']
[1.873s] Level 1:colcon.colcon_core.package_identification:_identify(src) by extension 'python_setup_py'
[1.873s] Level 1:colcon.colcon_core.package_identification:_identify(src/example_service_rclcpp) by extensions ['ignore', 'ignore_ament_install']
[1.873s] Level 1:colcon.colcon_core.package_identification:_identify(src/example_service_rclcpp) by extension 'ignore'
[1.873s] Level 1:colcon.colcon_core.package_identification:_identify(src/example_service_rclcpp) by extension 'ignore_ament_install'
[1.873s] Level 1:colcon.colcon_core.package_identification:_identify(src/example_service_rclcpp) by extensions ['colcon_pkg']
[1.873s] Level 1:colcon.colcon_core.package_identification:_identify(src/example_service_rclcpp) by extension 'colcon_pkg'
[1.873s] Level 1:colcon.colcon_core.package_identification:_identify(src/example_service_rclcpp) by extensions ['colcon_meta']
[1.873s] Level 1:colcon.colcon_core.package_identification:_identify(src/example_service_rclcpp) by extension 'colcon_meta'
[1.874s] Level 1:colcon.colcon_core.package_identification:_identify(src/example_service_rclcpp) by extensions ['ros']
[1.874s] Level 1:colcon.colcon_core.package_identification:_identify(src/example_service_rclcpp) by extension 'ros'
[1.879s] DEBUG:colcon.colcon_core.package_identification:Package 'src/example_service_rclcpp' with type 'ros.ament_cmake' and name 'example_service_rclcpp'
[1.879s] Level 1:colcon.colcon_core.package_identification:_identify(src/example_topic_rclcpp) by extensions ['ignore', 'ignore_ament_install']
[1.879s] Level 1:colcon.colcon_core.package_identification:_identify(src/example_topic_rclcpp) by extension 'ignore'
[1.879s] Level 1:colcon.colcon_core.package_identification:_identify(src/example_topic_rclcpp) by extension 'ignore_ament_install'
[1.879s] Level 1:colcon.colcon_core.package_identification:_identify(src/example_topic_rclcpp) by extensions ['colcon_pkg']
[1.879s] Level 1:colcon.colcon_core.package_identification:_identify(src/example_topic_rclcpp) by extension 'colcon_pkg'
[1.879s] Level 1:colcon.colcon_core.package_identification:_identify(src/example_topic_rclcpp) by extensions ['colcon_meta']
[1.879s] Level 1:colcon.colcon_core.package_identification:_identify(src/example_topic_rclcpp) by extension 'colcon_meta'
[1.880s] Level 1:colcon.colcon_core.package_identification:_identify(src/example_topic_rclcpp) by extensions ['ros']
[1.880s] Level 1:colcon.colcon_core.package_identification:_identify(src/example_topic_rclcpp) by extension 'ros'
[1.881s] DEBUG:colcon.colcon_core.package_identification:Package 'src/example_topic_rclcpp' with type 'ros.ament_cmake' and name 'example_topic_rclcpp'
[1.881s] Level 1:colcon.colcon_core.package_discovery:discover_packages(recursive) using defaults
[1.881s] Level 1:colcon.colcon_core.package_discovery:discover_packages(ignore) discover
[1.881s] Level 1:colcon.colcon_core.package_discovery:discover_packages(ignore) using defaults
[1.881s] Level 1:colcon.colcon_core.package_discovery:discover_packages(path) discover
[1.881s] Level 1:colcon.colcon_core.package_discovery:discover_packages(path) using defaults
[2.012s] INFO:colcon.colcon_core.package_selection:Skipping not selected package 'example_topic_rclcpp' in 'src/example_topic_rclcpp'
[2.042s] Level 1:colcon.colcon_core.package_discovery:discover_packages(prefix_path) check parameters
[2.042s] Level 1:colcon.colcon_core.package_discovery:discover_packages(prefix_path) discover
[2.096s] DEBUG:colcon.colcon_installed_package_information.package_discovery:Found 284 installed packages in /opt/ros/humble
[2.100s] Level 1:colcon.colcon_core.package_discovery:discover_packages(prefix_path) using defaults
[2.268s] Level 5:colcon.colcon_core.verb:set package 'example_service_rclcpp' build argument 'cmake_args' from command line to 'None'
[2.269s] Level 5:colcon.colcon_core.verb:set package 'example_service_rclcpp' build argument 'cmake_target' from command line to 'None'
[2.269s] Level 5:colcon.colcon_core.verb:set package 'example_service_rclcpp' build argument 'cmake_target_skip_unavailable' from command line to 'False'
[2.269s] Level 5:colcon.colcon_core.verb:set package 'example_service_rclcpp' build argument 'cmake_clean_cache' from command line to 'False'
[2.269s] Level 5:colcon.colcon_core.verb:set package 'example_service_rclcpp' build argument 'cmake_clean_first' from command line to 'False'
[2.269s] Level 5:colcon.colcon_core.verb:set package 'example_service_rclcpp' build argument 'cmake_force_configure' from command line to 'False'
[2.269s] Level 5:colcon.colcon_core.verb:set package 'example_service_rclcpp' build argument 'ament_cmake_args' from command line to 'None'
[2.269s] Level 5:colcon.colcon_core.verb:set package 'example_service_rclcpp' build argument 'catkin_cmake_args' from command line to 'None'
[2.269s] Level 5:colcon.colcon_core.verb:set package 'example_service_rclcpp' build argument 'catkin_skip_building_tests' from command line to 'False'
[2.269s] DEBUG:colcon.colcon_core.verb:Building package 'example_service_rclcpp' with the following arguments: {'ament_cmake_args': None, 'build_base': '/home/ros2/d2lros2/chapt3/chapt3_ws/build/example_service_rclcpp', 'catkin_cmake_args': None, 'catkin_skip_building_tests': False, 'cmake_args': None, 'cmake_clean_cache': False, 'cmake_clean_first': False, 'cmake_force_configure': False, 'cmake_target': None, 'cmake_target_skip_unavailable': False, 'install_base': '/home/ros2/d2lros2/chapt3/chapt3_ws/install/example_service_rclcpp', 'merge_install': False, 'path': '/home/ros2/d2lros2/chapt3/chapt3_ws/src/example_service_rclcpp', 'symlink_install': False, 'test_result_base': None}
[2.289s] INFO:colcon.colcon_core.executor:Executing jobs using 'parallel' executor
[2.307s] DEBUG:colcon.colcon_parallel_executor.executor.parallel:run_until_complete
[2.308s] INFO:colcon.colcon_ros.task.ament_cmake.build:Building ROS package in '/home/ros2/d2lros2/chapt3/chapt3_ws/src/example_service_rclcpp' with build type 'ament_cmake'
[2.308s] INFO:colcon.colcon_cmake.task.cmake.build:Building CMake package in '/home/ros2/d2lros2/chapt3/chapt3_ws/src/example_service_rclcpp'
[2.349s] INFO:colcon.colcon_core.plugin_system:Skipping extension 'colcon_core.shell.bat': Not used on non-Windows systems
[2.351s] INFO:colcon.colcon_core.shell:Skip shell extension 'powershell' for command environment: Not usable outside of PowerShell
[2.352s] DEBUG:colcon.colcon_core.shell:Skip shell extension 'dsv' for command environment
[2.448s] DEBUG:colcon.colcon_core.event_handler.log_command:Invoking command in '/home/ros2/d2lros2/chapt3/chapt3_ws/build/example_service_rclcpp': CMAKE_PREFIX_PATH=/opt/ros/humble /usr/bin/cmake --build /home/ros2/d2lros2/chapt3/chapt3_ws/build/example_service_rclcpp -- -j4 -l4
[2.762s] DEBUG:colcon.colcon_core.event_handler.log_command:Invoked command in '/home/ros2/d2lros2/chapt3/chapt3_ws/build/example_service_rclcpp' returned '0': CMAKE_PREFIX_PATH=/opt/ros/humble /usr/bin/cmake --build /home/ros2/d2lros2/chapt3/chapt3_ws/build/example_service_rclcpp -- -j4 -l4
[2.839s] DEBUG:colcon.colcon_core.event_handler.log_command:Invoking command in '/home/ros2/d2lros2/chapt3/chapt3_ws/build/example_service_rclcpp': CMAKE_PREFIX_PATH=/opt/ros/humble /usr/bin/cmake --install /home/ros2/d2lros2/chapt3/chapt3_ws/build/example_service_rclcpp
[2.867s] Level 1:colcon.colcon_core.environment:create_environment_scripts_only(example_service_rclcpp)
[2.874s] DEBUG:colcon.colcon_core.event_handler.log_command:Invoked command in '/home/ros2/d2lros2/chapt3/chapt3_ws/build/example_service_rclcpp' returned '0': CMAKE_PREFIX_PATH=/opt/ros/humble /usr/bin/cmake --install /home/ros2/d2lros2/chapt3/chapt3_ws/build/example_service_rclcpp
[2.901s] Level 1:colcon.colcon_core.environment:checking '/home/ros2/d2lros2/chapt3/chapt3_ws/install/example_service_rclcpp' for CMake module files
[2.902s] Level 1:colcon.colcon_core.environment:checking '/home/ros2/d2lros2/chapt3/chapt3_ws/install/example_service_rclcpp' for CMake config files
[2.903s] Level 1:colcon.colcon_core.shell:create_environment_hook('example_service_rclcpp', 'cmake_prefix_path')
[2.927s] INFO:colcon.colcon_core.shell:Creating environment hook '/home/ros2/d2lros2/chapt3/chapt3_ws/install/example_service_rclcpp/share/example_service_rclcpp/hook/cmake_prefix_path.ps1'
[2.929s] INFO:colcon.colcon_core.shell:Creating environment descriptor '/home/ros2/d2lros2/chapt3/chapt3_ws/install/example_service_rclcpp/share/example_service_rclcpp/hook/cmake_prefix_path.dsv'
[2.932s] INFO:colcon.colcon_core.shell:Creating environment hook '/home/ros2/d2lros2/chapt3/chapt3_ws/install/example_service_rclcpp/share/example_service_rclcpp/hook/cmake_prefix_path.sh'
[2.935s] Level 1:colcon.colcon_core.environment:checking '/home/ros2/d2lros2/chapt3/chapt3_ws/install/example_service_rclcpp/lib'
[2.936s] Level 1:colcon.colcon_core.environment:checking '/home/ros2/d2lros2/chapt3/chapt3_ws/install/example_service_rclcpp/bin'
[2.936s] Level 1:colcon.colcon_core.environment:checking '/home/ros2/d2lros2/chapt3/chapt3_ws/install/example_service_rclcpp/lib/pkgconfig/example_service_rclcpp.pc'
[2.937s] Level 1:colcon.colcon_core.environment:checking '/home/ros2/d2lros2/chapt3/chapt3_ws/install/example_service_rclcpp/lib/python3.10/site-packages'
[2.937s] Level 1:colcon.colcon_core.environment:checking '/home/ros2/d2lros2/chapt3/chapt3_ws/install/example_service_rclcpp/bin'
[2.966s] INFO:colcon.colcon_core.shell:Creating package script '/home/ros2/d2lros2/chapt3/chapt3_ws/install/example_service_rclcpp/share/example_service_rclcpp/package.ps1'
[2.969s] INFO:colcon.colcon_core.shell:Creating package descriptor '/home/ros2/d2lros2/chapt3/chapt3_ws/install/example_service_rclcpp/share/example_service_rclcpp/package.dsv'
[2.970s] INFO:colcon.colcon_core.shell:Creating package script '/home/ros2/d2lros2/chapt3/chapt3_ws/install/example_service_rclcpp/share/example_service_rclcpp/package.sh'
[2.974s] INFO:colcon.colcon_core.shell:Creating package script '/home/ros2/d2lros2/chapt3/chapt3_ws/install/example_service_rclcpp/share/example_service_rclcpp/package.bash'
[2.976s] INFO:colcon.colcon_core.shell:Creating package script '/home/ros2/d2lros2/chapt3/chapt3_ws/install/example_service_rclcpp/share/example_service_rclcpp/package.zsh'
[2.978s] Level 1:colcon.colcon_core.environment:create_file_with_runtime_dependencies(/home/ros2/d2lros2/chapt3/chapt3_ws/install/example_service_rclcpp/share/colcon-core/packages/example_service_rclcpp)
[3.067s] Level 1:colcon.colcon_core.environment:create_environment_scripts_only(example_service_rclcpp)
[3.094s] Level 1:colcon.colcon_core.environment:checking '/home/ros2/d2lros2/chapt3/chapt3_ws/install/example_service_rclcpp' for CMake module files
[3.095s] Level 1:colcon.colcon_core.environment:checking '/home/ros2/d2lros2/chapt3/chapt3_ws/install/example_service_rclcpp' for CMake config files
[3.096s] Level 1:colcon.colcon_core.shell:create_environment_hook('example_service_rclcpp', 'cmake_prefix_path')
[3.122s] INFO:colcon.colcon_core.shell:Creating environment hook '/home/ros2/d2lros2/chapt3/chapt3_ws/install/example_service_rclcpp/share/example_service_rclcpp/hook/cmake_prefix_path.ps1'
[3.123s] INFO:colcon.colcon_core.shell:Creating environment descriptor '/home/ros2/d2lros2/chapt3/chapt3_ws/install/example_service_rclcpp/share/example_service_rclcpp/hook/cmake_prefix_path.dsv'
[3.124s] INFO:colcon.colcon_core.shell:Creating environment hook '/home/ros2/d2lros2/chapt3/chapt3_ws/install/example_service_rclcpp/share/example_service_rclcpp/hook/cmake_prefix_path.sh'
[3.125s] Level 1:colcon.colcon_core.environment:checking '/home/ros2/d2lros2/chapt3/chapt3_ws/install/example_service_rclcpp/lib'
[3.125s] Level 1:colcon.colcon_core.environment:checking '/home/ros2/d2lros2/chapt3/chapt3_ws/install/example_service_rclcpp/bin'
[3.125s] Level 1:colcon.colcon_core.environment:checking '/home/ros2/d2lros2/chapt3/chapt3_ws/install/example_service_rclcpp/lib/pkgconfig/example_service_rclcpp.pc'
[3.130s] Level 1:colcon.colcon_core.environment:checking '/home/ros2/d2lros2/chapt3/chapt3_ws/install/example_service_rclcpp/lib/python3.10/site-packages'
[3.130s] Level 1:colcon.colcon_core.environment:checking '/home/ros2/d2lros2/chapt3/chapt3_ws/install/example_service_rclcpp/bin'
[3.158s] INFO:colcon.colcon_core.shell:Creating package script '/home/ros2/d2lros2/chapt3/chapt3_ws/install/example_service_rclcpp/share/example_service_rclcpp/package.ps1'
[3.159s] INFO:colcon.colcon_core.shell:Creating package descriptor '/home/ros2/d2lros2/chapt3/chapt3_ws/install/example_service_rclcpp/share/example_service_rclcpp/package.dsv'
[3.161s] INFO:colcon.colcon_core.shell:Creating package script '/home/ros2/d2lros2/chapt3/chapt3_ws/install/example_service_rclcpp/share/example_service_rclcpp/package.sh'
[3.162s] INFO:colcon.colcon_core.shell:Creating package script '/home/ros2/d2lros2/chapt3/chapt3_ws/install/example_service_rclcpp/share/example_service_rclcpp/package.bash'
[3.163s] INFO:colcon.colcon_core.shell:Creating package script '/home/ros2/d2lros2/chapt3/chapt3_ws/install/example_service_rclcpp/share/example_service_rclcpp/package.zsh'
[3.164s] Level 1:colcon.colcon_core.environment:create_file_with_runtime_dependencies(/home/ros2/d2lros2/chapt3/chapt3_ws/install/example_service_rclcpp/share/colcon-core/packages/example_service_rclcpp)
[3.165s] DEBUG:colcon.colcon_parallel_executor.executor.parallel:closing loop
[3.165s] DEBUG:colcon.colcon_parallel_executor.executor.parallel:loop closed
[3.165s] DEBUG:colcon.colcon_parallel_executor.executor.parallel:run_until_complete finished with '0'
[3.166s] DEBUG:colcon.colcon_core.event_reactor:joining thread
[3.210s] INFO:colcon.colcon_core.plugin_system:Skipping extension 'colcon_notification.desktop_notification.terminal_notifier': Not used on non-Darwin systems
[3.211s] INFO:colcon.colcon_core.plugin_system:Skipping extension 'colcon_notification.desktop_notification.win32': Not used on non-Windows systems
[3.211s] INFO:colcon.colcon_notification.desktop_notification:Sending desktop notification using 'notify2'
[3.246s] DEBUG:colcon.colcon_core.event_reactor:joined thread
[3.275s] INFO:colcon.colcon_core.shell:Creating prefix script '/home/ros2/d2lros2/chapt3/chapt3_ws/install/local_setup.ps1'
[3.279s] INFO:colcon.colcon_core.shell:Creating prefix util module '/home/ros2/d2lros2/chapt3/chapt3_ws/install/_local_setup_util_ps1.py'
[3.283s] INFO:colcon.colcon_core.shell:Creating prefix chain script '/home/ros2/d2lros2/chapt3/chapt3_ws/install/setup.ps1'
[3.308s] INFO:colcon.colcon_core.shell:Creating prefix script '/home/ros2/d2lros2/chapt3/chapt3_ws/install/local_setup.sh'
[3.310s] INFO:colcon.colcon_core.shell:Creating prefix util module '/home/ros2/d2lros2/chapt3/chapt3_ws/install/_local_setup_util_sh.py'
[3.312s] INFO:colcon.colcon_core.shell:Creating prefix chain script '/home/ros2/d2lros2/chapt3/chapt3_ws/install/setup.sh'
[3.339s] INFO:colcon.colcon_core.shell:Creating prefix script '/home/ros2/d2lros2/chapt3/chapt3_ws/install/local_setup.bash'
[3.341s] INFO:colcon.colcon_core.shell:Creating prefix chain script '/home/ros2/d2lros2/chapt3/chapt3_ws/install/setup.bash'
[3.369s] INFO:colcon.colcon_core.shell:Creating prefix script '/home/ros2/d2lros2/chapt3/chapt3_ws/install/local_setup.zsh'
[3.371s] INFO:colcon.colcon_core.shell:Creating prefix chain script '/home/ros2/d2lros2/chapt3/chapt3_ws/install/setup.zsh'
